{"G:\\Qui\\app\\i18n.ts": {"path":"G:\\Qui\\app\\i18n.ts","statementMap":{"0":{"start":{"line":9,"column":0},"end":{"line":21,"column":null}}},"fnMap":{},"branchMap":{},"s":{"0":2},"f":{},"b":{},"meta":{"lastBranch":0,"lastFunction":0,"lastStatement":1,"seen":{"s:9:0:21:Infinity":0}}}
,"G:\\Qui\\app\\contexts\\AuthContext.tsx": {"path":"G:\\Qui\\app\\contexts\\AuthContext.tsx","statementMap":{"0":{"start":{"line":4,"column":16},"end":{"line":4,"column":null}},"1":{"start":{"line":15,"column":6},"end":{"line":15,"column":null}},"2":{"start":{"line":16,"column":21},"end":{"line":19,"column":null}},"3":{"start":{"line":17,"column":16},"end":{"line":17,"column":null}},"4":{"start":{"line":18,"column":2},"end":{"line":18,"column":null}},"5":{"start":{"line":21,"column":21},"end":{"line":30,"column":null}},"6":{"start":{"line":22,"column":19},"end":{"line":22,"column":null}},"7":{"start":{"line":23,"column":18},"end":{"line":23,"column":null}},"8":{"start":{"line":25,"column":2},"end":{"line":29,"column":null}},"9":{"start":{"line":26,"column":4},"end":{"line":26,"column":null}},"10":{"start":{"line":27,"column":4},"end":{"line":27,"column":null}},"11":{"start":{"line":28,"column":4},"end":{"line":28,"column":null}},"12":{"start":{"line":33,"column":44},"end":{"line":33,"column":null}},"13":{"start":{"line":34,"column":30},"end":{"line":34,"column":null}},"14":{"start":{"line":35,"column":42},"end":{"line":35,"column":null}},"15":{"start":{"line":37,"column":20},"end":{"line":70,"column":null}},"16":{"start":{"line":38,"column":20},"end":{"line":38,"column":null}},"17":{"start":{"line":40,"column":4},"end":{"line":42,"column":null}},"18":{"start":{"line":41,"column":6},"end":{"line":41,"column":null}},"19":{"start":{"line":43,"column":4},"end":{"line":45,"column":null}},"20":{"start":{"line":44,"column":6},"end":{"line":44,"column":null}},"21":{"start":{"line":47,"column":19},"end":{"line":47,"column":null}},"22":{"start":{"line":48,"column":4},"end":{"line":53,"column":null}},"23":{"start":{"line":49,"column":28},"end":{"line":49,"column":null}},"24":{"start":{"line":50,"column":6},"end":{"line":52,"column":null}},"25":{"start":{"line":51,"column":8},"end":{"line":51,"column":null}},"26":{"start":{"line":55,"column":32},"end":{"line":59,"column":null}},"27":{"start":{"line":61,"column":21},"end":{"line":61,"column":null}},"28":{"start":{"line":62,"column":4},"end":{"line":67,"column":null}},"29":{"start":{"line":63,"column":6},"end":{"line":63,"column":null}},"30":{"start":{"line":64,"column":6},"end":{"line":64,"column":null}},"31":{"start":{"line":65,"column":6},"end":{"line":65,"column":null}},"32":{"start":{"line":66,"column":6},"end":{"line":66,"column":null}},"33":{"start":{"line":69,"column":4},"end":{"line":69,"column":null}},"34":{"start":{"line":72,"column":2},"end":{"line":98,"column":null}},"35":{"start":{"line":73,"column":28},"end":{"line":95,"column":null}},"36":{"start":{"line":74,"column":6},"end":{"line":94,"column":null}},"37":{"start":{"line":75,"column":25},"end":{"line":75,"column":null}},"38":{"start":{"line":77,"column":8},"end":{"line":89,"column":null}},"39":{"start":{"line":78,"column":25},"end":{"line":78,"column":null}},"40":{"start":{"line":79,"column":10},"end":{"line":79,"column":null}},"41":{"start":{"line":80,"column":30},"end":{"line":80,"column":null}},"42":{"start":{"line":81,"column":10},"end":{"line":84,"column":null}},"43":{"start":{"line":82,"column":12},"end":{"line":82,"column":null}},"44":{"start":{"line":83,"column":12},"end":{"line":83,"column":null}},"45":{"start":{"line":86,"column":10},"end":{"line":86,"column":null}},"46":{"start":{"line":87,"column":10},"end":{"line":87,"column":null}},"47":{"start":{"line":88,"column":10},"end":{"line":88,"column":null}},"48":{"start":{"line":91,"column":8},"end":{"line":91,"column":null}},"49":{"start":{"line":93,"column":8},"end":{"line":93,"column":null}},"50":{"start":{"line":97,"column":4},"end":{"line":97,"column":null}},"51":{"start":{"line":100,"column":16},"end":{"line":124,"column":null}},"52":{"start":{"line":101,"column":4},"end":{"line":123,"column":null}},"53":{"start":{"line":102,"column":23},"end":{"line":107,"column":null}},"54":{"start":{"line":109,"column":6},"end":{"line":119,"column":null}},"55":{"start":{"line":110,"column":23},"end":{"line":110,"column":null}},"56":{"start":{"line":111,"column":21},"end":{"line":111,"column":null}},"57":{"start":{"line":113,"column":8},"end":{"line":113,"column":null}},"58":{"start":{"line":114,"column":8},"end":{"line":117,"column":null}},"59":{"start":{"line":115,"column":10},"end":{"line":115,"column":null}},"60":{"start":{"line":116,"column":10},"end":{"line":116,"column":null}},"61":{"start":{"line":118,"column":8},"end":{"line":118,"column":null}},"62":{"start":{"line":120,"column":6},"end":{"line":120,"column":null}},"63":{"start":{"line":122,"column":6},"end":{"line":122,"column":null}},"64":{"start":{"line":126,"column":22},"end":{"line":150,"column":null}},"65":{"start":{"line":127,"column":4},"end":{"line":149,"column":null}},"66":{"start":{"line":128,"column":23},"end":{"line":133,"column":null}},"67":{"start":{"line":135,"column":6},"end":{"line":145,"column":null}},"68":{"start":{"line":136,"column":21},"end":{"line":136,"column":null}},"69":{"start":{"line":137,"column":21},"end":{"line":137,"column":null}},"70":{"start":{"line":139,"column":8},"end":{"line":139,"column":null}},"71":{"start":{"line":140,"column":8},"end":{"line":143,"column":null}},"72":{"start":{"line":141,"column":10},"end":{"line":141,"column":null}},"73":{"start":{"line":142,"column":10},"end":{"line":142,"column":null}},"74":{"start":{"line":144,"column":8},"end":{"line":144,"column":null}},"75":{"start":{"line":146,"column":6},"end":{"line":146,"column":null}},"76":{"start":{"line":148,"column":6},"end":{"line":148,"column":null}},"77":{"start":{"line":152,"column":17},"end":{"line":165,"column":null}},"78":{"start":{"line":153,"column":4},"end":{"line":164,"column":null}},"79":{"start":{"line":154,"column":6},"end":{"line":156,"column":null}},"80":{"start":{"line":158,"column":6},"end":{"line":158,"column":null}},"81":{"start":{"line":160,"column":6},"end":{"line":160,"column":null}},"82":{"start":{"line":161,"column":6},"end":{"line":161,"column":null}},"83":{"start":{"line":162,"column":6},"end":{"line":162,"column":null}},"84":{"start":{"line":163,"column":6},"end":{"line":163,"column":null}},"85":{"start":{"line":167,"column":2},"end":{"line":173,"column":null}},"86":{"start":{"line":168,"column":4},"end":{"line":171,"column":null}},"87":{"start":{"line":175,"column":2},"end":{"line":178,"column":null}},"88":{"start":{"line":183,"column":8},"end":{"line":183,"column":null}},"89":{"start":{"line":184,"column":2},"end":{"line":186,"column":null}},"90":{"start":{"line":185,"column":4},"end":{"line":185,"column":null}},"91":{"start":{"line":187,"column":2},"end":{"line":187,"column":null}}},"fnMap":{"0":{"name":"(anonymous_0)","decl":{"start":{"line":16,"column":21},"end":{"line":16,"column":27}},"loc":{"start":{"line":16,"column":27},"end":{"line":19,"column":null}},"line":16},"1":{"name":"(anonymous_1)","decl":{"start":{"line":21,"column":21},"end":{"line":21,"column":27}},"loc":{"start":{"line":21,"column":27},"end":{"line":30,"column":null}},"line":21},"2":{"name":"(anonymous_2)","decl":{"start":{"line":25,"column":18},"end":{"line":25,"column":32}},"loc":{"start":{"line":25,"column":32},"end":{"line":29,"column":3}},"line":25},"3":{"name":"AuthProvider","decl":{"start":{"line":32,"column":16},"end":{"line":32,"column":29}},"loc":{"start":{"line":32,"column":68},"end":{"line":180,"column":null}},"line":32},"4":{"name":"(anonymous_4)","decl":{"start":{"line":37,"column":20},"end":{"line":37,"column":27}},"loc":{"start":{"line":37,"column":70},"end":{"line":70,"column":null}},"line":37},"5":{"name":"(anonymous_5)","decl":{"start":{"line":72,"column":12},"end":{"line":72,"column":18}},"loc":{"start":{"line":72,"column":18},"end":{"line":98,"column":5}},"line":72},"6":{"name":"(anonymous_6)","decl":{"start":{"line":73,"column":28},"end":{"line":73,"column":40}},"loc":{"start":{"line":73,"column":40},"end":{"line":95,"column":null}},"line":73},"7":{"name":"(anonymous_7)","decl":{"start":{"line":100,"column":16},"end":{"line":100,"column":23}},"loc":{"start":{"line":100,"column":44},"end":{"line":124,"column":null}},"line":100},"8":{"name":"(anonymous_8)","decl":{"start":{"line":126,"column":22},"end":{"line":126,"column":29}},"loc":{"start":{"line":126,"column":47},"end":{"line":150,"column":null}},"line":126},"9":{"name":"(anonymous_9)","decl":{"start":{"line":152,"column":17},"end":{"line":152,"column":29}},"loc":{"start":{"line":152,"column":29},"end":{"line":165,"column":null}},"line":152},"10":{"name":"useAuth","decl":{"start":{"line":182,"column":16},"end":{"line":182,"column":26}},"loc":{"start":{"line":182,"column":26},"end":{"line":188,"column":null}},"line":182}},"branchMap":{"0":{"loc":{"start":{"line":4,"column":16},"end":{"line":4,"column":null}},"type":"binary-expr","locations":[{"start":{"line":4,"column":16},"end":{"line":4,"column":48}},{"start":{"line":4,"column":48},"end":{"line":4,"column":null}}],"line":4},"1":{"loc":{"start":{"line":18,"column":9},"end":{"line":18,"column":null}},"type":"cond-expr","locations":[{"start":{"line":18,"column":17},"end":{"line":18,"column":28}},{"start":{"line":18,"column":28},"end":{"line":18,"column":null}}],"line":18},"2":{"loc":{"start":{"line":37,"column":40},"end":{"line":37,"column":70}},"type":"default-arg","locations":[{"start":{"line":37,"column":63},"end":{"line":37,"column":70}}],"line":37},"3":{"loc":{"start":{"line":38,"column":32},"end":{"line":38,"column":53}},"type":"binary-expr","locations":[{"start":{"line":38,"column":32},"end":{"line":38,"column":51}},{"start":{"line":38,"column":51},"end":{"line":38,"column":53}}],"line":38},"4":{"loc":{"start":{"line":40,"column":4},"end":{"line":42,"column":null}},"type":"if","locations":[{"start":{"line":40,"column":4},"end":{"line":42,"column":null}},{"start":{},"end":{}}],"line":40},"5":{"loc":{"start":{"line":43,"column":4},"end":{"line":45,"column":null}},"type":"if","locations":[{"start":{"line":43,"column":4},"end":{"line":45,"column":null}},{"start":{},"end":{}}],"line":43},"6":{"loc":{"start":{"line":43,"column":8},"end":{"line":43,"column":90}},"type":"binary-expr","locations":[{"start":{"line":43,"column":8},"end":{"line":43,"column":24}},{"start":{"line":43,"column":24},"end":{"line":43,"column":60}},{"start":{"line":43,"column":60},"end":{"line":43,"column":90}}],"line":43},"7":{"loc":{"start":{"line":47,"column":19},"end":{"line":47,"column":null}},"type":"binary-expr","locations":[{"start":{"line":47,"column":19},"end":{"line":47,"column":52}},{"start":{"line":47,"column":52},"end":{"line":47,"column":null}}],"line":47},"8":{"loc":{"start":{"line":48,"column":4},"end":{"line":53,"column":null}},"type":"if","locations":[{"start":{"line":48,"column":4},"end":{"line":53,"column":null}},{"start":{},"end":{}}],"line":48},"9":{"loc":{"start":{"line":50,"column":6},"end":{"line":52,"column":null}},"type":"if","locations":[{"start":{"line":50,"column":6},"end":{"line":52,"column":null}},{"start":{},"end":{}}],"line":50},"10":{"loc":{"start":{"line":62,"column":4},"end":{"line":67,"column":null}},"type":"if","locations":[{"start":{"line":62,"column":4},"end":{"line":67,"column":null}},{"start":{},"end":{}}],"line":62},"11":{"loc":{"start":{"line":62,"column":8},"end":{"line":62,"column":60}},"type":"binary-expr","locations":[{"start":{"line":62,"column":8},"end":{"line":62,"column":35}},{"start":{"line":62,"column":35},"end":{"line":62,"column":60}}],"line":62},"12":{"loc":{"start":{"line":77,"column":8},"end":{"line":89,"column":null}},"type":"if","locations":[{"start":{"line":77,"column":8},"end":{"line":89,"column":null}},{"start":{"line":85,"column":15},"end":{"line":89,"column":null}}],"line":77},"13":{"loc":{"start":{"line":80,"column":30},"end":{"line":80,"column":null}},"type":"binary-expr","locations":[{"start":{"line":80,"column":30},"end":{"line":80,"column":56}},{"start":{"line":80,"column":56},"end":{"line":80,"column":76}},{"start":{"line":80,"column":76},"end":{"line":80,"column":null}}],"line":80},"14":{"loc":{"start":{"line":81,"column":10},"end":{"line":84,"column":null}},"type":"if","locations":[{"start":{"line":81,"column":10},"end":{"line":84,"column":null}},{"start":{},"end":{}}],"line":81},"15":{"loc":{"start":{"line":109,"column":6},"end":{"line":119,"column":null}},"type":"if","locations":[{"start":{"line":109,"column":6},"end":{"line":119,"column":null}},{"start":{},"end":{}}],"line":109},"16":{"loc":{"start":{"line":111,"column":21},"end":{"line":111,"column":null}},"type":"binary-expr","locations":[{"start":{"line":111,"column":21},"end":{"line":111,"column":47}},{"start":{"line":111,"column":47},"end":{"line":111,"column":null}}],"line":111},"17":{"loc":{"start":{"line":114,"column":8},"end":{"line":117,"column":null}},"type":"if","locations":[{"start":{"line":114,"column":8},"end":{"line":117,"column":null}},{"start":{},"end":{}}],"line":114},"18":{"loc":{"start":{"line":135,"column":6},"end":{"line":145,"column":null}},"type":"if","locations":[{"start":{"line":135,"column":6},"end":{"line":145,"column":null}},{"start":{},"end":{}}],"line":135},"19":{"loc":{"start":{"line":137,"column":21},"end":{"line":137,"column":null}},"type":"binary-expr","locations":[{"start":{"line":137,"column":21},"end":{"line":137,"column":45}},{"start":{"line":137,"column":45},"end":{"line":137,"column":null}}],"line":137},"20":{"loc":{"start":{"line":140,"column":8},"end":{"line":143,"column":null}},"type":"if","locations":[{"start":{"line":140,"column":8},"end":{"line":143,"column":null}},{"start":{},"end":{}}],"line":140},"21":{"loc":{"start":{"line":167,"column":2},"end":{"line":173,"column":null}},"type":"if","locations":[{"start":{"line":167,"column":2},"end":{"line":173,"column":null}},{"start":{},"end":{}}],"line":167},"22":{"loc":{"start":{"line":184,"column":2},"end":{"line":186,"column":null}},"type":"if","locations":[{"start":{"line":184,"column":2},"end":{"line":186,"column":null}},{"start":{},"end":{}}],"line":184}},"s":{"0":5,"1":5,"2":5,"3":2,"4":2,"5":5,"6":1,"7":1,"8":1,"9":3,"10":3,"11":3,"12":4,"13":4,"14":4,"15":4,"16":2,"17":2,"18":2,"19":2,"20":0,"21":2,"22":2,"23":2,"24":2,"25":0,"26":2,"27":2,"28":2,"29":1,"30":1,"31":1,"32":1,"33":2,"34":4,"35":2,"36":2,"37":2,"38":2,"39":1,"40":1,"41":1,"42":1,"43":1,"44":1,"45":1,"46":1,"47":1,"48":0,"49":2,"50":2,"51":4,"52":0,"53":0,"54":0,"55":0,"56":0,"57":0,"58":0,"59":0,"60":0,"61":0,"62":0,"63":0,"64":4,"65":0,"66":0,"67":0,"68":0,"69":0,"70":0,"71":0,"72":0,"73":0,"74":0,"75":0,"76":0,"77":4,"78":0,"79":0,"80":0,"81":0,"82":0,"83":0,"84":0,"85":4,"86":2,"87":2,"88":2,"89":2,"90":0,"91":2},"f":{"0":2,"1":1,"2":3,"3":4,"4":2,"5":2,"6":2,"7":0,"8":0,"9":0,"10":2},"b":{"0":[5,0],"1":[0,2],"2":[2],"3":[2,2],"4":[2,0],"5":[0,2],"6":[2,0,0],"7":[2,0],"8":[2,0],"9":[0,2],"10":[1,1],"11":[2,1],"12":[1,1],"13":[1,0,0],"14":[1,0],"15":[0,0],"16":[0,0],"17":[0,0],"18":[0,0],"19":[0,0],"20":[0,0],"21":[2,2],"22":[0,2]},"meta":{"lastBranch":23,"lastFunction":11,"lastStatement":92,"seen":{"s:4:16:4:Infinity":0,"b:4:16:4:48:4:48:4:Infinity":0,"s:15:6:15:Infinity":1,"s:16:21:19:Infinity":2,"f:16:21:16:27":0,"s:17:16:17:Infinity":3,"s:18:2:18:Infinity":4,"b:18:17:18:28:18:28:18:Infinity":1,"s:21:21:30:Infinity":5,"f:21:21:21:27":1,"s:22:19:22:Infinity":6,"s:23:18:23:Infinity":7,"s:25:2:29:Infinity":8,"f:25:18:25:32":2,"s:26:4:26:Infinity":9,"s:27:4:27:Infinity":10,"s:28:4:28:Infinity":11,"f:32:16:32:29":3,"s:33:44:33:Infinity":12,"s:34:30:34:Infinity":13,"s:35:42:35:Infinity":14,"s:37:20:70:Infinity":15,"f:37:20:37:27":4,"b:37:63:37:70":2,"s:38:20:38:Infinity":16,"b:38:32:38:51:38:51:38:53":3,"b:40:4:42:Infinity:undefined:undefined:undefined:undefined":4,"s:40:4:42:Infinity":17,"s:41:6:41:Infinity":18,"b:43:4:45:Infinity:undefined:undefined:undefined:undefined":5,"s:43:4:45:Infinity":19,"b:43:8:43:24:43:24:43:60:43:60:43:90":6,"s:44:6:44:Infinity":20,"s:47:19:47:Infinity":21,"b:47:19:47:52:47:52:47:Infinity":7,"b:48:4:53:Infinity:undefined:undefined:undefined:undefined":8,"s:48:4:53:Infinity":22,"s:49:28:49:Infinity":23,"b:50:6:52:Infinity:undefined:undefined:undefined:undefined":9,"s:50:6:52:Infinity":24,"s:51:8:51:Infinity":25,"s:55:32:59:Infinity":26,"s:61:21:61:Infinity":27,"b:62:4:67:Infinity:undefined:undefined:undefined:undefined":10,"s:62:4:67:Infinity":28,"b:62:8:62:35:62:35:62:60":11,"s:63:6:63:Infinity":29,"s:64:6:64:Infinity":30,"s:65:6:65:Infinity":31,"s:66:6:66:Infinity":32,"s:69:4:69:Infinity":33,"s:72:2:98:Infinity":34,"f:72:12:72:18":5,"s:73:28:95:Infinity":35,"f:73:28:73:40":6,"s:74:6:94:Infinity":36,"s:75:25:75:Infinity":37,"b:77:8:89:Infinity:85:15:89:Infinity":12,"s:77:8:89:Infinity":38,"s:78:25:78:Infinity":39,"s:79:10:79:Infinity":40,"s:80:30:80:Infinity":41,"b:80:30:80:56:80:56:80:76:80:76:80:Infinity":13,"b:81:10:84:Infinity:undefined:undefined:undefined:undefined":14,"s:81:10:84:Infinity":42,"s:82:12:82:Infinity":43,"s:83:12:83:Infinity":44,"s:86:10:86:Infinity":45,"s:87:10:87:Infinity":46,"s:88:10:88:Infinity":47,"s:91:8:91:Infinity":48,"s:93:8:93:Infinity":49,"s:97:4:97:Infinity":50,"s:100:16:124:Infinity":51,"f:100:16:100:23":7,"s:101:4:123:Infinity":52,"s:102:23:107:Infinity":53,"b:109:6:119:Infinity:undefined:undefined:undefined:undefined":15,"s:109:6:119:Infinity":54,"s:110:23:110:Infinity":55,"s:111:21:111:Infinity":56,"b:111:21:111:47:111:47:111:Infinity":16,"s:113:8:113:Infinity":57,"b:114:8:117:Infinity:undefined:undefined:undefined:undefined":17,"s:114:8:117:Infinity":58,"s:115:10:115:Infinity":59,"s:116:10:116:Infinity":60,"s:118:8:118:Infinity":61,"s:120:6:120:Infinity":62,"s:122:6:122:Infinity":63,"s:126:22:150:Infinity":64,"f:126:22:126:29":8,"s:127:4:149:Infinity":65,"s:128:23:133:Infinity":66,"b:135:6:145:Infinity:undefined:undefined:undefined:undefined":18,"s:135:6:145:Infinity":67,"s:136:21:136:Infinity":68,"s:137:21:137:Infinity":69,"b:137:21:137:45:137:45:137:Infinity":19,"s:139:8:139:Infinity":70,"b:140:8:143:Infinity:undefined:undefined:undefined:undefined":20,"s:140:8:143:Infinity":71,"s:141:10:141:Infinity":72,"s:142:10:142:Infinity":73,"s:144:8:144:Infinity":74,"s:146:6:146:Infinity":75,"s:148:6:148:Infinity":76,"s:152:17:165:Infinity":77,"f:152:17:152:29":9,"s:153:4:164:Infinity":78,"s:154:6:156:Infinity":79,"s:158:6:158:Infinity":80,"s:160:6:160:Infinity":81,"s:161:6:161:Infinity":82,"s:162:6:162:Infinity":83,"s:163:6:163:Infinity":84,"b:167:2:173:Infinity:undefined:undefined:undefined:undefined":21,"s:167:2:173:Infinity":85,"s:168:4:171:Infinity":86,"s:175:2:178:Infinity":87,"f:182:16:182:26":10,"s:183:8:183:Infinity":88,"b:184:2:186:Infinity:undefined:undefined:undefined:undefined":22,"s:184:2:186:Infinity":89,"s:185:4:185:Infinity":90,"s:187:2:187:Infinity":91}}}
,"G:\\Qui\\app\\locales\\en.json": {"path":"G:\\Qui\\app\\locales\\en.json","statementMap":{},"fnMap":{},"branchMap":{},"s":{},"f":{},"b":{},"meta":{"lastBranch":0,"lastFunction":0,"lastStatement":0,"seen":{}}}
,"G:\\Qui\\app\\locales\\pl.json": {"path":"G:\\Qui\\app\\locales\\pl.json","statementMap":{},"fnMap":{},"branchMap":{},"s":{},"f":{},"b":{},"meta":{"lastBranch":0,"lastFunction":0,"lastStatement":0,"seen":{}}}
,"G:\\Qui\\app\\modals\\reservation-details.tsx": {"path":"G:\\Qui\\app\\modals\\reservation-details.tsx","statementMap":{"0":{"start":{"line":11,"column":20},"end":{"line":11,"column":null}},"1":{"start":{"line":12,"column":18},"end":{"line":12,"column":null}},"2":{"start":{"line":14,"column":28},"end":{"line":14,"column":null}},"3":{"start":{"line":15,"column":32},"end":{"line":15,"column":null}},"4":{"start":{"line":16,"column":24},"end":{"line":16,"column":null}},"5":{"start":{"line":18,"column":2},"end":{"line":44,"column":null}},"6":{"start":{"line":19,"column":25},"end":{"line":41,"column":null}},"7":{"start":{"line":20,"column":6},"end":{"line":20,"column":null}},"8":{"start":{"line":21,"column":6},"end":{"line":40,"column":null}},"9":{"start":{"line":22,"column":25},"end":{"line":28,"column":null}},"10":{"start":{"line":30,"column":8},"end":{"line":35,"column":null}},"11":{"start":{"line":31,"column":25},"end":{"line":31,"column":null}},"12":{"start":{"line":32,"column":10},"end":{"line":32,"column":null}},"13":{"start":{"line":34,"column":10},"end":{"line":34,"column":null}},"14":{"start":{"line":37,"column":8},"end":{"line":37,"column":null}},"15":{"start":{"line":39,"column":8},"end":{"line":39,"column":null}},"16":{"start":{"line":43,"column":4},"end":{"line":43,"column":null}},"17":{"start":{"line":46,"column":21},"end":{"line":52,"column":null}},"18":{"start":{"line":47,"column":4},"end":{"line":47,"column":null}},"19":{"start":{"line":47,"column":20},"end":{"line":47,"column":null}},"20":{"start":{"line":48,"column":4},"end":{"line":51,"column":null}},"21":{"start":{"line":54,"column":2},"end":{"line":148,"column":null}},"22":{"start":{"line":104,"column":20},"end":{"line":124,"column":null}}},"fnMap":{"0":{"name":"ReservationDetailsModal","decl":{"start":{"line":10,"column":24},"end":{"line":10,"column":48}},"loc":{"start":{"line":10,"column":98},"end":{"line":150,"column":null}},"line":10},"1":{"name":"(anonymous_1)","decl":{"start":{"line":18,"column":12},"end":{"line":18,"column":18}},"loc":{"start":{"line":18,"column":18},"end":{"line":44,"column":5}},"line":18},"2":{"name":"(anonymous_2)","decl":{"start":{"line":19,"column":25},"end":{"line":19,"column":37}},"loc":{"start":{"line":19,"column":37},"end":{"line":41,"column":null}},"line":19},"3":{"name":"(anonymous_3)","decl":{"start":{"line":46,"column":21},"end":{"line":46,"column":22}},"loc":{"start":{"line":46,"column":44},"end":{"line":52,"column":null}},"line":46},"4":{"name":"(anonymous_4)","decl":{"start":{"line":103,"column":38},"end":{"line":103,"column":39}},"loc":{"start":{"line":104,"column":20},"end":{"line":124,"column":null}},"line":104}},"branchMap":{"0":{"loc":{"start":{"line":30,"column":8},"end":{"line":35,"column":null}},"type":"if","locations":[{"start":{"line":30,"column":8},"end":{"line":35,"column":null}},{"start":{"line":33,"column":15},"end":{"line":35,"column":null}}],"line":30},"1":{"loc":{"start":{"line":32,"column":21},"end":{"line":32,"column":42}},"type":"binary-expr","locations":[{"start":{"line":32,"column":21},"end":{"line":32,"column":36}},{"start":{"line":32,"column":36},"end":{"line":32,"column":42}}],"line":32},"2":{"loc":{"start":{"line":47,"column":4},"end":{"line":47,"column":null}},"type":"if","locations":[{"start":{"line":47,"column":4},"end":{"line":47,"column":null}},{"start":{},"end":{}}],"line":47},"3":{"loc":{"start":{"line":69,"column":9},"end":{"line":145,"column":null}},"type":"cond-expr","locations":[{"start":{"line":70,"column":10},"end":{"line":72,"column":null}},{"start":{"line":73,"column":12},"end":{"line":145,"column":null}}],"line":69},"4":{"loc":{"start":{"line":73,"column":12},"end":{"line":145,"column":null}},"type":"cond-expr","locations":[{"start":{"line":74,"column":10},"end":{"line":74,"column":null}},{"start":{"line":75,"column":12},"end":{"line":145,"column":null}}],"line":73},"5":{"loc":{"start":{"line":75,"column":12},"end":{"line":145,"column":null}},"type":"binary-expr","locations":[{"start":{"line":75,"column":12},"end":{"line":75,"column":null}},{"start":{"line":76,"column":10},"end":{"line":145,"column":null}}],"line":75},"6":{"loc":{"start":{"line":81,"column":52},"end":{"line":81,"column":117}},"type":"cond-expr","locations":[{"start":{"line":81,"column":83},"end":{"line":81,"column":102}},{"start":{"line":81,"column":102},"end":{"line":81,"column":117}}],"line":81},"7":{"loc":{"start":{"line":82,"column":19},"end":{"line":82,"column":null}},"type":"binary-expr","locations":[{"start":{"line":82,"column":19},"end":{"line":82,"column":37}},{"start":{"line":82,"column":37},"end":{"line":82,"column":null}}],"line":82},"8":{"loc":{"start":{"line":88,"column":19},"end":{"line":88,"column":null}},"type":"cond-expr","locations":[{"start":{"line":88,"column":39},"end":{"line":88,"column":109}},{"start":{"line":88,"column":109},"end":{"line":88,"column":null}}],"line":88},"9":{"loc":{"start":{"line":101,"column":15},"end":{"line":142,"column":null}},"type":"cond-expr","locations":[{"start":{"line":102,"column":16},"end":{"line":138,"column":null}},{"start":{"line":140,"column":16},"end":{"line":142,"column":null}}],"line":101},"10":{"loc":{"start":{"line":101,"column":15},"end":{"line":101,"column":null}},"type":"binary-expr","locations":[{"start":{"line":101,"column":15},"end":{"line":101,"column":33}},{"start":{"line":101,"column":33},"end":{"line":101,"column":66}},{"start":{"line":101,"column":66},"end":{"line":101,"column":null}}],"line":101},"11":{"loc":{"start":{"line":108,"column":29},"end":{"line":108,"column":null}},"type":"binary-expr","locations":[{"start":{"line":108,"column":29},"end":{"line":108,"column":46}},{"start":{"line":108,"column":46},"end":{"line":108,"column":null}}],"line":108},"12":{"loc":{"start":{"line":117,"column":25},"end":{"line":121,"column":null}},"type":"binary-expr","locations":[{"start":{"line":117,"column":25},"end":{"line":117,"column":null}},{"start":{"line":118,"column":26},"end":{"line":121,"column":null}}],"line":117},"13":{"loc":{"start":{"line":131,"column":27},"end":{"line":131,"column":54}},"type":"binary-expr","locations":[{"start":{"line":131,"column":27},"end":{"line":131,"column":49}},{"start":{"line":131,"column":49},"end":{"line":131,"column":54}}],"line":131}},"s":{"0":0,"1":0,"2":0,"3":0,"4":0,"5":0,"6":0,"7":0,"8":0,"9":0,"10":0,"11":0,"12":0,"13":0,"14":0,"15":0,"16":0,"17":0,"18":0,"19":0,"20":0,"21":0,"22":0},"f":{"0":0,"1":0,"2":0,"3":0,"4":0},"b":{"0":[0,0],"1":[0,0],"2":[0,0],"3":[0,0],"4":[0,0],"5":[0,0],"6":[0,0],"7":[0,0],"8":[0,0],"9":[0,0],"10":[0,0,0],"11":[0,0],"12":[0,0],"13":[0,0]},"meta":{"lastBranch":14,"lastFunction":5,"lastStatement":23,"seen":{"f:10:24:10:48":0,"s:11:20:11:Infinity":0,"s:12:18:12:Infinity":1,"s:14:28:14:Infinity":2,"s:15:32:15:Infinity":3,"s:16:24:16:Infinity":4,"s:18:2:44:Infinity":5,"f:18:12:18:18":1,"s:19:25:41:Infinity":6,"f:19:25:19:37":2,"s:20:6:20:Infinity":7,"s:21:6:40:Infinity":8,"s:22:25:28:Infinity":9,"b:30:8:35:Infinity:33:15:35:Infinity":0,"s:30:8:35:Infinity":10,"s:31:25:31:Infinity":11,"s:32:10:32:Infinity":12,"b:32:21:32:36:32:36:32:42":1,"s:34:10:34:Infinity":13,"s:37:8:37:Infinity":14,"s:39:8:39:Infinity":15,"s:43:4:43:Infinity":16,"s:46:21:52:Infinity":17,"f:46:21:46:22":3,"b:47:4:47:Infinity:undefined:undefined:undefined:undefined":2,"s:47:4:47:Infinity":18,"s:47:20:47:Infinity":19,"s:48:4:51:Infinity":20,"s:54:2:148:Infinity":21,"b:70:10:72:Infinity:73:12:145:Infinity":3,"b:74:10:74:Infinity:75:12:145:Infinity":4,"b:75:12:75:Infinity:76:10:145:Infinity":5,"b:81:83:81:102:81:102:81:117":6,"b:82:19:82:37:82:37:82:Infinity":7,"b:88:39:88:109:88:109:88:Infinity":8,"b:102:16:138:Infinity:140:16:142:Infinity":9,"b:101:15:101:33:101:33:101:66:101:66:101:Infinity":10,"f:103:38:103:39":4,"s:104:20:124:Infinity":22,"b:108:29:108:46:108:46:108:Infinity":11,"b:117:25:117:Infinity:118:26:121:Infinity":12,"b:131:27:131:49:131:49:131:54":13}}}
,"G:\\Qui\\app\\routes\\confirm-email.tsx": {"path":"G:\\Qui\\app\\routes\\confirm-email.tsx","statementMap":{"0":{"start":{"line":5,"column":16},"end":{"line":5,"column":null}},"1":{"start":{"line":9,"column":12},"end":{"line":9,"column":null}},"2":{"start":{"line":10,"column":21},"end":{"line":10,"column":null}},"3":{"start":{"line":12,"column":26},"end":{"line":12,"column":null}},"4":{"start":{"line":13,"column":28},"end":{"line":13,"column":null}},"5":{"start":{"line":14,"column":8},"end":{"line":14,"column":null}},"6":{"start":{"line":16,"column":2},"end":{"line":18,"column":null}},"7":{"start":{"line":17,"column":4},"end":{"line":17,"column":null}},"8":{"start":{"line":20,"column":2},"end":{"line":24,"column":null}},"9":{"start":{"line":21,"column":4},"end":{"line":23,"column":null}},"10":{"start":{"line":22,"column":6},"end":{"line":22,"column":null}},"11":{"start":{"line":26,"column":2},"end":{"line":40,"column":null}},"12":{"start":{"line":27,"column":4},"end":{"line":27,"column":null}},"13":{"start":{"line":27,"column":36},"end":{"line":27,"column":null}},"14":{"start":{"line":29,"column":23},"end":{"line":29,"column":null}},"15":{"start":{"line":30,"column":23},"end":{"line":30,"column":null}},"16":{"start":{"line":32,"column":4},"end":{"line":36,"column":null}},"17":{"start":{"line":33,"column":6},"end":{"line":33,"column":null}},"18":{"start":{"line":34,"column":6},"end":{"line":34,"column":null}},"19":{"start":{"line":35,"column":6},"end":{"line":35,"column":null}},"20":{"start":{"line":38,"column":4},"end":{"line":38,"column":null}},"21":{"start":{"line":39,"column":4},"end":{"line":39,"column":null}},"22":{"start":{"line":42,"column":20},"end":{"line":80,"column":null}},"23":{"start":{"line":43,"column":4},"end":{"line":79,"column":null}},"24":{"start":{"line":44,"column":23},"end":{"line":49,"column":null}},"25":{"start":{"line":51,"column":22},"end":{"line":51,"column":null}},"26":{"start":{"line":52,"column":6},"end":{"line":56,"column":null}},"27":{"start":{"line":53,"column":8},"end":{"line":53,"column":null}},"28":{"start":{"line":55,"column":8},"end":{"line":55,"column":null}},"29":{"start":{"line":58,"column":6},"end":{"line":70,"column":null}},"30":{"start":{"line":59,"column":14},"end":{"line":59,"column":null}},"31":{"start":{"line":61,"column":8},"end":{"line":65,"column":null}},"32":{"start":{"line":62,"column":12},"end":{"line":62,"column":null}},"33":{"start":{"line":63,"column":12},"end":{"line":63,"column":null}},"34":{"start":{"line":64,"column":12},"end":{"line":64,"column":null}},"35":{"start":{"line":67,"column":8},"end":{"line":67,"column":null}},"36":{"start":{"line":68,"column":8},"end":{"line":68,"column":null}},"37":{"start":{"line":69,"column":8},"end":{"line":69,"column":null}},"38":{"start":{"line":72,"column":6},"end":{"line":72,"column":null}},"39":{"start":{"line":73,"column":6},"end":{"line":73,"column":null}},"40":{"start":{"line":76,"column":6},"end":{"line":76,"column":null}},"41":{"start":{"line":77,"column":6},"end":{"line":77,"column":null}},"42":{"start":{"line":78,"column":6},"end":{"line":78,"column":null}},"43":{"start":{"line":82,"column":2},"end":{"line":130,"column":null}}},"fnMap":{"0":{"name":"ConfirmEmail","decl":{"start":{"line":8,"column":24},"end":{"line":8,"column":39}},"loc":{"start":{"line":8,"column":39},"end":{"line":132,"column":null}},"line":8},"1":{"name":"(anonymous_1)","decl":{"start":{"line":16,"column":12},"end":{"line":16,"column":18}},"loc":{"start":{"line":16,"column":18},"end":{"line":18,"column":5}},"line":16},"2":{"name":"(anonymous_2)","decl":{"start":{"line":20,"column":12},"end":{"line":20,"column":18}},"loc":{"start":{"line":20,"column":18},"end":{"line":24,"column":5}},"line":20},"3":{"name":"(anonymous_3)","decl":{"start":{"line":26,"column":12},"end":{"line":26,"column":18}},"loc":{"start":{"line":26,"column":18},"end":{"line":40,"column":5}},"line":26},"4":{"name":"(anonymous_4)","decl":{"start":{"line":42,"column":20},"end":{"line":42,"column":27}},"loc":{"start":{"line":42,"column":70},"end":{"line":80,"column":null}},"line":42}},"branchMap":{"0":{"loc":{"start":{"line":5,"column":16},"end":{"line":5,"column":null}},"type":"binary-expr","locations":[{"start":{"line":5,"column":16},"end":{"line":5,"column":48}},{"start":{"line":5,"column":48},"end":{"line":5,"column":null}}],"line":5},"1":{"loc":{"start":{"line":21,"column":4},"end":{"line":23,"column":null}},"type":"if","locations":[{"start":{"line":21,"column":4},"end":{"line":23,"column":null}},{"start":{},"end":{}}],"line":21},"2":{"loc":{"start":{"line":27,"column":4},"end":{"line":27,"column":null}},"type":"if","locations":[{"start":{"line":27,"column":4},"end":{"line":27,"column":null}},{"start":{},"end":{}}],"line":27},"3":{"loc":{"start":{"line":32,"column":4},"end":{"line":36,"column":null}},"type":"if","locations":[{"start":{"line":32,"column":4},"end":{"line":36,"column":null}},{"start":{},"end":{}}],"line":32},"4":{"loc":{"start":{"line":32,"column":8},"end":{"line":32,"column":36}},"type":"binary-expr","locations":[{"start":{"line":32,"column":8},"end":{"line":32,"column":23}},{"start":{"line":32,"column":23},"end":{"line":32,"column":36}}],"line":32},"5":{"loc":{"start":{"line":58,"column":6},"end":{"line":70,"column":null}},"type":"if","locations":[{"start":{"line":58,"column":6},"end":{"line":70,"column":null}},{"start":{},"end":{}}],"line":58},"6":{"loc":{"start":{"line":58,"column":10},"end":{"line":58,"column":80}},"type":"binary-expr","locations":[{"start":{"line":58,"column":10},"end":{"line":58,"column":26}},{"start":{"line":58,"column":26},"end":{"line":58,"column":53}},{"start":{"line":58,"column":53},"end":{"line":58,"column":80}}],"line":58},"7":{"loc":{"start":{"line":59,"column":14},"end":{"line":59,"column":null}},"type":"binary-expr","locations":[{"start":{"line":59,"column":27},"end":{"line":59,"column":36}},{"start":{"line":59,"column":36},"end":{"line":59,"column":52}},{"start":{"line":59,"column":52},"end":{"line":59,"column":68}},{"start":{"line":59,"column":68},"end":{"line":59,"column":null}}],"line":59},"8":{"loc":{"start":{"line":61,"column":8},"end":{"line":65,"column":null}},"type":"if","locations":[{"start":{"line":61,"column":8},"end":{"line":65,"column":null}},{"start":{},"end":{}}],"line":61},"9":{"loc":{"start":{"line":61,"column":12},"end":{"line":61,"column":119}},"type":"binary-expr","locations":[{"start":{"line":61,"column":12},"end":{"line":61,"column":69}},{"start":{"line":61,"column":69},"end":{"line":61,"column":119}}],"line":61},"10":{"loc":{"start":{"line":68,"column":19},"end":{"line":68,"column":121}},"type":"cond-expr","locations":[{"start":{"line":68,"column":78},"end":{"line":68,"column":112}},{"start":{"line":68,"column":112},"end":{"line":68,"column":121}}],"line":68},"11":{"loc":{"start":{"line":73,"column":17},"end":{"line":73,"column":67}},"type":"binary-expr","locations":[{"start":{"line":73,"column":17},"end":{"line":73,"column":34}},{"start":{"line":73,"column":34},"end":{"line":73,"column":67}}],"line":73},"12":{"loc":{"start":{"line":93,"column":13},"end":{"line":98,"column":null}},"type":"binary-expr","locations":[{"start":{"line":93,"column":13},"end":{"line":93,"column":null}},{"start":{"line":94,"column":14},"end":{"line":98,"column":null}}],"line":93},"13":{"loc":{"start":{"line":101,"column":13},"end":{"line":111,"column":null}},"type":"binary-expr","locations":[{"start":{"line":101,"column":13},"end":{"line":101,"column":null}},{"start":{"line":102,"column":14},"end":{"line":111,"column":null}}],"line":101},"14":{"loc":{"start":{"line":114,"column":13},"end":{"line":124,"column":null}},"type":"binary-expr","locations":[{"start":{"line":114,"column":13},"end":{"line":114,"column":null}},{"start":{"line":115,"column":14},"end":{"line":124,"column":null}}],"line":114}},"s":{"0":1,"1":7,"2":7,"3":7,"4":7,"5":7,"6":7,"7":5,"8":7,"9":5,"10":3,"11":7,"12":5,"13":2,"14":3,"15":3,"16":3,"17":2,"18":2,"19":2,"20":1,"21":1,"22":7,"23":1,"24":1,"25":1,"26":1,"27":1,"28":0,"29":1,"30":0,"31":0,"32":0,"33":0,"34":0,"35":0,"36":0,"37":0,"38":1,"39":1,"40":0,"41":0,"42":0,"43":7},"f":{"0":7,"1":5,"2":5,"3":5,"4":1},"b":{"0":[1,0],"1":[3,2],"2":[2,3],"3":[2,1],"4":[3,1],"5":[0,1],"6":[1,1,1],"7":[0,0,0,0],"8":[0,0],"9":[0,0],"10":[0,0],"11":[1,0],"12":[7,4],"13":[7,2],"14":[7,1]},"meta":{"lastBranch":15,"lastFunction":5,"lastStatement":44,"seen":{"s:5:16:5:Infinity":0,"b:5:16:5:48:5:48:5:Infinity":0,"f:8:24:8:39":0,"s:9:12:9:Infinity":1,"s:10:21:10:Infinity":2,"s:12:26:12:Infinity":3,"s:13:28:13:Infinity":4,"s:14:8:14:Infinity":5,"s:16:2:18:Infinity":6,"f:16:12:16:18":1,"s:17:4:17:Infinity":7,"s:20:2:24:Infinity":8,"f:20:12:20:18":2,"b:21:4:23:Infinity:undefined:undefined:undefined:undefined":1,"s:21:4:23:Infinity":9,"s:22:6:22:Infinity":10,"s:26:2:40:Infinity":11,"f:26:12:26:18":3,"b:27:4:27:Infinity:undefined:undefined:undefined:undefined":2,"s:27:4:27:Infinity":12,"s:27:36:27:Infinity":13,"s:29:23:29:Infinity":14,"s:30:23:30:Infinity":15,"b:32:4:36:Infinity:undefined:undefined:undefined:undefined":3,"s:32:4:36:Infinity":16,"b:32:8:32:23:32:23:32:36":4,"s:33:6:33:Infinity":17,"s:34:6:34:Infinity":18,"s:35:6:35:Infinity":19,"s:38:4:38:Infinity":20,"s:39:4:39:Infinity":21,"s:42:20:80:Infinity":22,"f:42:20:42:27":4,"s:43:4:79:Infinity":23,"s:44:23:49:Infinity":24,"s:51:22:51:Infinity":25,"s:52:6:56:Infinity":26,"s:53:8:53:Infinity":27,"s:55:8:55:Infinity":28,"b:58:6:70:Infinity:undefined:undefined:undefined:undefined":5,"s:58:6:70:Infinity":29,"b:58:10:58:26:58:26:58:53:58:53:58:80":6,"s:59:14:59:Infinity":30,"b:59:27:59:36:59:36:59:52:59:52:59:68:59:68:59:Infinity":7,"b:61:8:65:Infinity:undefined:undefined:undefined:undefined":8,"s:61:8:65:Infinity":31,"b:61:12:61:69:61:69:61:119":9,"s:62:12:62:Infinity":32,"s:63:12:63:Infinity":33,"s:64:12:64:Infinity":34,"s:67:8:67:Infinity":35,"s:68:8:68:Infinity":36,"b:68:78:68:112:68:112:68:121":10,"s:69:8:69:Infinity":37,"s:72:6:72:Infinity":38,"s:73:6:73:Infinity":39,"b:73:17:73:34:73:34:73:67":11,"s:76:6:76:Infinity":40,"s:77:6:77:Infinity":41,"s:78:6:78:Infinity":42,"s:82:2:130:Infinity":43,"b:93:13:93:Infinity:94:14:98:Infinity":12,"b:101:13:101:Infinity:102:14:111:Infinity":13,"b:114:13:114:Infinity:115:14:124:Infinity":14}}}
,"G:\\Qui\\app\\routes\\login.tsx": {"path":"G:\\Qui\\app\\routes\\login.tsx","statementMap":{"0":{"start":{"line":8,"column":12},"end":{"line":8,"column":null}},"1":{"start":{"line":9,"column":29},"end":{"line":9,"column":null}},"2":{"start":{"line":11,"column":35},"end":{"line":11,"column":null}},"3":{"start":{"line":12,"column":30},"end":{"line":12,"column":null}},"4":{"start":{"line":13,"column":24},"end":{"line":13,"column":null}},"5":{"start":{"line":14,"column":32},"end":{"line":14,"column":null}},"6":{"start":{"line":16,"column":8},"end":{"line":16,"column":null}},"7":{"start":{"line":18,"column":2},"end":{"line":20,"column":null}},"8":{"start":{"line":19,"column":4},"end":{"line":19,"column":null}},"9":{"start":{"line":22,"column":22},"end":{"line":40,"column":null}},"10":{"start":{"line":23,"column":4},"end":{"line":23,"column":null}},"11":{"start":{"line":24,"column":4},"end":{"line":24,"column":null}},"12":{"start":{"line":25,"column":4},"end":{"line":25,"column":null}},"13":{"start":{"line":27,"column":4},"end":{"line":39,"column":null}},"14":{"start":{"line":28,"column":22},"end":{"line":28,"column":null}},"15":{"start":{"line":30,"column":6},"end":{"line":34,"column":null}},"16":{"start":{"line":31,"column":8},"end":{"line":31,"column":null}},"17":{"start":{"line":33,"column":8},"end":{"line":33,"column":null}},"18":{"start":{"line":36,"column":6},"end":{"line":36,"column":null}},"19":{"start":{"line":38,"column":6},"end":{"line":38,"column":null}},"20":{"start":{"line":42,"column":30},"end":{"line":59,"column":null}},"21":{"start":{"line":43,"column":4},"end":{"line":43,"column":null}},"22":{"start":{"line":44,"column":4},"end":{"line":44,"column":null}},"23":{"start":{"line":46,"column":4},"end":{"line":58,"column":null}},"24":{"start":{"line":47,"column":22},"end":{"line":47,"column":null}},"25":{"start":{"line":49,"column":6},"end":{"line":53,"column":null}},"26":{"start":{"line":50,"column":8},"end":{"line":50,"column":null}},"27":{"start":{"line":52,"column":8},"end":{"line":52,"column":null}},"28":{"start":{"line":55,"column":6},"end":{"line":55,"column":null}},"29":{"start":{"line":57,"column":6},"end":{"line":57,"column":null}},"30":{"start":{"line":61,"column":2},"end":{"line":157,"column":null}},"31":{"start":{"line":92,"column":31},"end":{"line":92,"column":null}},"32":{"start":{"line":101,"column":31},"end":{"line":101,"column":null}},"33":{"start":{"line":129,"column":34},"end":{"line":129,"column":null}}},"fnMap":{"0":{"name":"Login","decl":{"start":{"line":7,"column":24},"end":{"line":7,"column":32}},"loc":{"start":{"line":7,"column":32},"end":{"line":159,"column":null}},"line":7},"1":{"name":"(anonymous_1)","decl":{"start":{"line":18,"column":12},"end":{"line":18,"column":18}},"loc":{"start":{"line":18,"column":18},"end":{"line":20,"column":5}},"line":18},"2":{"name":"(anonymous_2)","decl":{"start":{"line":22,"column":22},"end":{"line":22,"column":29}},"loc":{"start":{"line":22,"column":52},"end":{"line":40,"column":null}},"line":22},"3":{"name":"(anonymous_3)","decl":{"start":{"line":42,"column":30},"end":{"line":42,"column":37}},"loc":{"start":{"line":42,"column":65},"end":{"line":59,"column":null}},"line":42},"4":{"name":"(anonymous_4)","decl":{"start":{"line":92,"column":24},"end":{"line":92,"column":25}},"loc":{"start":{"line":92,"column":31},"end":{"line":92,"column":null}},"line":92},"5":{"name":"(anonymous_5)","decl":{"start":{"line":101,"column":24},"end":{"line":101,"column":25}},"loc":{"start":{"line":101,"column":31},"end":{"line":101,"column":null}},"line":101},"6":{"name":"(anonymous_6)","decl":{"start":{"line":129,"column":28},"end":{"line":129,"column":34}},"loc":{"start":{"line":129,"column":34},"end":{"line":129,"column":null}},"line":129}},"branchMap":{"0":{"loc":{"start":{"line":30,"column":6},"end":{"line":34,"column":null}},"type":"if","locations":[{"start":{"line":30,"column":6},"end":{"line":34,"column":null}},{"start":{"line":32,"column":13},"end":{"line":34,"column":null}}],"line":30},"1":{"loc":{"start":{"line":49,"column":6},"end":{"line":53,"column":null}},"type":"if","locations":[{"start":{"line":49,"column":6},"end":{"line":53,"column":null}},{"start":{"line":51,"column":13},"end":{"line":53,"column":null}}],"line":49},"2":{"loc":{"start":{"line":81,"column":13},"end":{"line":84,"column":null}},"type":"binary-expr","locations":[{"start":{"line":81,"column":13},"end":{"line":81,"column":null}},{"start":{"line":82,"column":14},"end":{"line":84,"column":null}}],"line":81},"3":{"loc":{"start":{"line":109,"column":16},"end":{"line":109,"column":null}},"type":"cond-expr","locations":[{"start":{"line":109,"column":28},"end":{"line":109,"column":62}},{"start":{"line":109,"column":62},"end":{"line":109,"column":null}}],"line":109},"4":{"loc":{"start":{"line":112,"column":15},"end":{"line":115,"column":null}},"type":"cond-expr","locations":[{"start":{"line":113,"column":16},"end":{"line":113,"column":null}},{"start":{"line":115,"column":16},"end":{"line":115,"column":null}}],"line":112}},"s":{"0":10,"1":10,"2":10,"3":10,"4":10,"5":10,"6":10,"7":10,"8":10,"9":10,"10":2,"11":2,"12":2,"13":2,"14":2,"15":2,"16":1,"17":1,"18":0,"19":2,"20":10,"21":0,"22":0,"23":0,"24":0,"25":0,"26":0,"27":0,"28":0,"29":0,"30":10,"31":2,"32":2,"33":0},"f":{"0":10,"1":10,"2":2,"3":0,"4":2,"5":2,"6":0},"b":{"0":[1,1],"1":[0,0],"2":[10,1],"3":[2,8],"4":[2,8]},"meta":{"lastBranch":5,"lastFunction":7,"lastStatement":34,"seen":{"f:7:24:7:32":0,"s:8:12:8:Infinity":0,"s:9:29:9:Infinity":1,"s:11:35:11:Infinity":2,"s:12:30:12:Infinity":3,"s:13:24:13:Infinity":4,"s:14:32:14:Infinity":5,"s:16:8:16:Infinity":6,"s:18:2:20:Infinity":7,"f:18:12:18:18":1,"s:19:4:19:Infinity":8,"s:22:22:40:Infinity":9,"f:22:22:22:29":2,"s:23:4:23:Infinity":10,"s:24:4:24:Infinity":11,"s:25:4:25:Infinity":12,"s:27:4:39:Infinity":13,"s:28:22:28:Infinity":14,"b:30:6:34:Infinity:32:13:34:Infinity":0,"s:30:6:34:Infinity":15,"s:31:8:31:Infinity":16,"s:33:8:33:Infinity":17,"s:36:6:36:Infinity":18,"s:38:6:38:Infinity":19,"s:42:30:59:Infinity":20,"f:42:30:42:37":3,"s:43:4:43:Infinity":21,"s:44:4:44:Infinity":22,"s:46:4:58:Infinity":23,"s:47:22:47:Infinity":24,"b:49:6:53:Infinity:51:13:53:Infinity":1,"s:49:6:53:Infinity":25,"s:50:8:50:Infinity":26,"s:52:8:52:Infinity":27,"s:55:6:55:Infinity":28,"s:57:6:57:Infinity":29,"s:61:2:157:Infinity":30,"b:81:13:81:Infinity:82:14:84:Infinity":2,"f:92:24:92:25":4,"s:92:31:92:Infinity":31,"f:101:24:101:25":5,"s:101:31:101:Infinity":32,"b:109:28:109:62:109:62:109:Infinity":3,"b:113:16:113:Infinity:115:16:115:Infinity":4,"f:129:28:129:34":6,"s:129:34:129:Infinity":33}}}
,"G:\\Qui\\app\\routes\\menu.tsx": {"path":"G:\\Qui\\app\\routes\\menu.tsx","statementMap":{"0":{"start":{"line":7,"column":16},"end":{"line":7,"column":null}},"1":{"start":{"line":10,"column":12},"end":{"line":10,"column":null}},"2":{"start":{"line":11,"column":37},"end":{"line":11,"column":null}},"3":{"start":{"line":13,"column":32},"end":{"line":13,"column":null}},"4":{"start":{"line":14,"column":34},"end":{"line":14,"column":null}},"5":{"start":{"line":15,"column":32},"end":{"line":15,"column":null}},"6":{"start":{"line":17,"column":50},"end":{"line":17,"column":null}},"7":{"start":{"line":18,"column":48},"end":{"line":18,"column":null}},"8":{"start":{"line":20,"column":32},"end":{"line":20,"column":null}},"9":{"start":{"line":21,"column":24},"end":{"line":21,"column":null}},"10":{"start":{"line":23,"column":42},"end":{"line":23,"column":null}},"11":{"start":{"line":24,"column":33},"end":{"line":24,"column":null}},"12":{"start":{"line":26,"column":2},"end":{"line":39,"column":null}},"13":{"start":{"line":27,"column":4},"end":{"line":27,"column":null}},"14":{"start":{"line":27,"column":22},"end":{"line":27,"column":null}},"15":{"start":{"line":28,"column":29},"end":{"line":31,"column":null}},"16":{"start":{"line":29,"column":8},"end":{"line":29,"column":null}},"17":{"start":{"line":30,"column":8},"end":{"line":30,"column":null}},"18":{"start":{"line":30,"column":34},"end":{"line":30,"column":42}},"19":{"start":{"line":32,"column":26},"end":{"line":32,"column":null}},"20":{"start":{"line":33,"column":32},"end":{"line":33,"column":null}},"21":{"start":{"line":35,"column":4},"end":{"line":38,"column":null}},"22":{"start":{"line":36,"column":6},"end":{"line":36,"column":null}},"23":{"start":{"line":37,"column":6},"end":{"line":37,"column":null}},"24":{"start":{"line":41,"column":2},"end":{"line":43,"column":null}},"25":{"start":{"line":42,"column":4},"end":{"line":42,"column":null}},"26":{"start":{"line":45,"column":2},"end":{"line":107,"column":null}},"27":{"start":{"line":46,"column":22},"end":{"line":104,"column":null}},"28":{"start":{"line":47,"column":6},"end":{"line":47,"column":null}},"29":{"start":{"line":48,"column":6},"end":{"line":48,"column":null}},"30":{"start":{"line":50,"column":6},"end":{"line":103,"column":null}},"31":{"start":{"line":51,"column":8},"end":{"line":98,"column":null}},"32":{"start":{"line":52,"column":26},"end":{"line":54,"column":null}},"33":{"start":{"line":56,"column":10},"end":{"line":61,"column":null}},"34":{"start":{"line":57,"column":29},"end":{"line":57,"column":null}},"35":{"start":{"line":58,"column":12},"end":{"line":58,"column":null}},"36":{"start":{"line":60,"column":12},"end":{"line":60,"column":null}},"37":{"start":{"line":62,"column":10},"end":{"line":82,"column":null}},"38":{"start":{"line":63,"column":37},"end":{"line":70,"column":null}},"39":{"start":{"line":72,"column":12},"end":{"line":75,"column":null}},"40":{"start":{"line":73,"column":30},"end":{"line":73,"column":null}},"41":{"start":{"line":74,"column":14},"end":{"line":74,"column":null}},"42":{"start":{"line":76,"column":12},"end":{"line":79,"column":null}},"43":{"start":{"line":77,"column":30},"end":{"line":77,"column":null}},"44":{"start":{"line":78,"column":14},"end":{"line":78,"column":null}},"45":{"start":{"line":81,"column":12},"end":{"line":81,"column":null}},"46":{"start":{"line":84,"column":27},"end":{"line":86,"column":null}},"47":{"start":{"line":87,"column":10},"end":{"line":97,"column":null}},"48":{"start":{"line":88,"column":27},"end":{"line":88,"column":null}},"49":{"start":{"line":89,"column":18},"end":{"line":95,"column":null}},"50":{"start":{"line":89,"column":65},"end":{"line":94,"column":null}},"51":{"start":{"line":90,"column":48},"end":{"line":94,"column":16}},"52":{"start":{"line":96,"column":12},"end":{"line":96,"column":null}},"53":{"start":{"line":100,"column":8},"end":{"line":100,"column":null}},"54":{"start":{"line":102,"column":8},"end":{"line":102,"column":null}},"55":{"start":{"line":106,"column":4},"end":{"line":106,"column":null}},"56":{"start":{"line":109,"column":27},"end":{"line":123,"column":null}},"57":{"start":{"line":110,"column":21},"end":{"line":110,"column":null}},"58":{"start":{"line":111,"column":21},"end":{"line":111,"column":null}},"59":{"start":{"line":113,"column":25},"end":{"line":116,"column":null}},"60":{"start":{"line":115,"column":40},"end":{"line":115,"column":71}},"61":{"start":{"line":118,"column":4},"end":{"line":122,"column":null}},"62":{"start":{"line":120,"column":22},"end":{"line":120,"column":85}},"63":{"start":{"line":125,"column":8},"end":{"line":138,"column":null}},"64":{"start":{"line":126,"column":4},"end":{"line":137,"column":null}},"65":{"start":{"line":127,"column":30},"end":{"line":128,"column":null}},"66":{"start":{"line":130,"column":31},"end":{"line":130,"column":null}},"67":{"start":{"line":132,"column":34},"end":{"line":134,"column":null}},"68":{"start":{"line":133,"column":8},"end":{"line":133,"column":null}},"69":{"start":{"line":133,"column":37},"end":{"line":133,"column":81}},"70":{"start":{"line":136,"column":6},"end":{"line":136,"column":null}},"71":{"start":{"line":140,"column":22},"end":{"line":145,"column":null}},"72":{"start":{"line":141,"column":21},"end":{"line":141,"column":null}},"73":{"start":{"line":142,"column":4},"end":{"line":142,"column":null}},"74":{"start":{"line":142,"column":24},"end":{"line":142,"column":null}},"75":{"start":{"line":143,"column":4},"end":{"line":143,"column":null}},"76":{"start":{"line":144,"column":4},"end":{"line":144,"column":null}},"77":{"start":{"line":147,"column":25},"end":{"line":151,"column":null}},"78":{"start":{"line":148,"column":4},"end":{"line":150,"column":null}},"79":{"start":{"line":149,"column":6},"end":{"line":149,"column":null}},"80":{"start":{"line":149,"column":45},"end":{"line":149,"column":55}},"81":{"start":{"line":153,"column":25},"end":{"line":157,"column":null}},"82":{"start":{"line":154,"column":4},"end":{"line":156,"column":null}},"83":{"start":{"line":155,"column":6},"end":{"line":155,"column":null}},"84":{"start":{"line":155,"column":45},"end":{"line":155,"column":55}},"85":{"start":{"line":159,"column":2},"end":{"line":286,"column":null}},"86":{"start":{"line":177,"column":22},"end":{"line":185,"column":null}},"87":{"start":{"line":179,"column":39},"end":{"line":179,"column":null}},"88":{"start":{"line":198,"column":22},"end":{"line":206,"column":null}},"89":{"start":{"line":200,"column":39},"end":{"line":200,"column":null}},"90":{"start":{"line":214,"column":34},"end":{"line":214,"column":61}},"91":{"start":{"line":214,"column":61},"end":{"line":214,"column":86}},"92":{"start":{"line":234,"column":16},"end":{"line":280,"column":null}},"93":{"start":{"line":238,"column":22},"end":{"line":277,"column":null}},"94":{"start":{"line":244,"column":47},"end":{"line":244,"column":147}},"95":{"start":{"line":251,"column":91},"end":{"line":251,"column":102}},"96":{"start":{"line":255,"column":51},"end":{"line":255,"column":null}},"97":{"start":{"line":256,"column":30},"end":{"line":266,"column":null}},"98":{"start":{"line":257,"column":32},"end":{"line":264,"column":null}},"99":{"start":{"line":260,"column":38},"end":{"line":262,"column":null}},"100":{"start":{"line":267,"column":30},"end":{"line":267,"column":null}}},"fnMap":{"0":{"name":"Menu","decl":{"start":{"line":9,"column":24},"end":{"line":9,"column":31}},"loc":{"start":{"line":9,"column":31},"end":{"line":288,"column":null}},"line":9},"1":{"name":"(anonymous_1)","decl":{"start":{"line":26,"column":12},"end":{"line":26,"column":18}},"loc":{"start":{"line":26,"column":18},"end":{"line":39,"column":5}},"line":26},"2":{"name":"(anonymous_2)","decl":{"start":{"line":28,"column":29},"end":{"line":28,"column":35}},"loc":{"start":{"line":28,"column":35},"end":{"line":31,"column":null}},"line":28},"3":{"name":"(anonymous_3)","decl":{"start":{"line":30,"column":26},"end":{"line":30,"column":34}},"loc":{"start":{"line":30,"column":34},"end":{"line":30,"column":42}},"line":30},"4":{"name":"(anonymous_4)","decl":{"start":{"line":35,"column":11},"end":{"line":35,"column":17}},"loc":{"start":{"line":35,"column":17},"end":{"line":38,"column":null}},"line":35},"5":{"name":"(anonymous_5)","decl":{"start":{"line":41,"column":12},"end":{"line":41,"column":18}},"loc":{"start":{"line":41,"column":18},"end":{"line":43,"column":5}},"line":41},"6":{"name":"(anonymous_6)","decl":{"start":{"line":45,"column":12},"end":{"line":45,"column":18}},"loc":{"start":{"line":45,"column":18},"end":{"line":107,"column":5}},"line":45},"7":{"name":"(anonymous_7)","decl":{"start":{"line":46,"column":22},"end":{"line":46,"column":34}},"loc":{"start":{"line":46,"column":34},"end":{"line":104,"column":null}},"line":46},"8":{"name":"(anonymous_8)","decl":{"start":{"line":89,"column":64},"end":{"line":89,"column":65}},"loc":{"start":{"line":89,"column":65},"end":{"line":94,"column":null}},"line":89},"9":{"name":"(anonymous_9)","decl":{"start":{"line":90,"column":35},"end":{"line":90,"column":36}},"loc":{"start":{"line":90,"column":48},"end":{"line":94,"column":16}},"line":90},"10":{"name":"(anonymous_10)","decl":{"start":{"line":109,"column":27},"end":{"line":109,"column":28}},"loc":{"start":{"line":109,"column":42},"end":{"line":123,"column":null}},"line":109},"11":{"name":"(anonymous_11)","decl":{"start":{"line":115,"column":28},"end":{"line":115,"column":29}},"loc":{"start":{"line":115,"column":40},"end":{"line":115,"column":71}},"line":115},"12":{"name":"(anonymous_12)","decl":{"start":{"line":120,"column":17},"end":{"line":120,"column":22}},"loc":{"start":{"line":120,"column":22},"end":{"line":120,"column":85}},"line":120},"13":{"name":"(anonymous_13)","decl":{"start":{"line":125,"column":31},"end":{"line":125,"column":37}},"loc":{"start":{"line":125,"column":37},"end":{"line":138,"column":5}},"line":125},"14":{"name":"(anonymous_14)","decl":{"start":{"line":126,"column":28},"end":{"line":126,"column":36}},"loc":{"start":{"line":126,"column":36},"end":{"line":137,"column":5}},"line":126},"15":{"name":"(anonymous_15)","decl":{"start":{"line":132,"column":57},"end":{"line":132,"column":null}},"loc":{"start":{"line":133,"column":8},"end":{"line":133,"column":null}},"line":133},"16":{"name":"(anonymous_16)","decl":{"start":{"line":133,"column":30},"end":{"line":133,"column":37}},"loc":{"start":{"line":133,"column":37},"end":{"line":133,"column":81}},"line":133},"17":{"name":"(anonymous_17)","decl":{"start":{"line":140,"column":42},"end":{"line":140,"column":43}},"loc":{"start":{"line":140,"column":67},"end":{"line":145,"column":5}},"line":140},"18":{"name":"(anonymous_18)","decl":{"start":{"line":147,"column":25},"end":{"line":147,"column":26}},"loc":{"start":{"line":147,"column":43},"end":{"line":151,"column":null}},"line":147},"19":{"name":"(anonymous_19)","decl":{"start":{"line":148,"column":26},"end":{"line":148,"column":null}},"loc":{"start":{"line":149,"column":6},"end":{"line":149,"column":null}},"line":149},"20":{"name":"(anonymous_20)","decl":{"start":{"line":149,"column":40},"end":{"line":149,"column":45}},"loc":{"start":{"line":149,"column":45},"end":{"line":149,"column":55}},"line":149},"21":{"name":"(anonymous_21)","decl":{"start":{"line":153,"column":25},"end":{"line":153,"column":26}},"loc":{"start":{"line":153,"column":43},"end":{"line":157,"column":null}},"line":153},"22":{"name":"(anonymous_22)","decl":{"start":{"line":154,"column":25},"end":{"line":154,"column":null}},"loc":{"start":{"line":155,"column":6},"end":{"line":155,"column":null}},"line":155},"23":{"name":"(anonymous_23)","decl":{"start":{"line":155,"column":40},"end":{"line":155,"column":45}},"loc":{"start":{"line":155,"column":45},"end":{"line":155,"column":55}},"line":155},"24":{"name":"(anonymous_24)","decl":{"start":{"line":176,"column":36},"end":{"line":176,"column":null}},"loc":{"start":{"line":177,"column":22},"end":{"line":185,"column":null}},"line":177},"25":{"name":"(anonymous_25)","decl":{"start":{"line":179,"column":33},"end":{"line":179,"column":39}},"loc":{"start":{"line":179,"column":39},"end":{"line":179,"column":null}},"line":179},"26":{"name":"(anonymous_26)","decl":{"start":{"line":197,"column":35},"end":{"line":197,"column":null}},"loc":{"start":{"line":198,"column":22},"end":{"line":206,"column":null}},"line":198},"27":{"name":"(anonymous_27)","decl":{"start":{"line":200,"column":33},"end":{"line":200,"column":39}},"loc":{"start":{"line":200,"column":39},"end":{"line":200,"column":null}},"line":200},"28":{"name":"(anonymous_28)","decl":{"start":{"line":214,"column":27},"end":{"line":214,"column":33}},"loc":{"start":{"line":214,"column":33},"end":{"line":214,"column":null}},"line":214},"29":{"name":"(anonymous_29)","decl":{"start":{"line":233,"column":47},"end":{"line":233,"column":48}},"loc":{"start":{"line":234,"column":16},"end":{"line":280,"column":null}},"line":234},"30":{"name":"(anonymous_30)","decl":{"start":{"line":237,"column":32},"end":{"line":237,"column":33}},"loc":{"start":{"line":238,"column":22},"end":{"line":277,"column":null}},"line":238},"31":{"name":"(anonymous_31)","decl":{"start":{"line":244,"column":37},"end":{"line":244,"column":38}},"loc":{"start":{"line":244,"column":44},"end":{"line":244,"column":null}},"line":244},"32":{"name":"(anonymous_32)","decl":{"start":{"line":251,"column":79},"end":{"line":251,"column":80}},"loc":{"start":{"line":251,"column":91},"end":{"line":251,"column":102}},"line":251},"33":{"name":"(anonymous_33)","decl":{"start":{"line":254,"column":30},"end":{"line":254,"column":36}},"loc":{"start":{"line":254,"column":36},"end":{"line":268,"column":31}},"line":254},"34":{"name":"(anonymous_34)","decl":{"start":{"line":259,"column":54},"end":{"line":259,"column":55}},"loc":{"start":{"line":260,"column":38},"end":{"line":262,"column":null}},"line":260}},"branchMap":{"0":{"loc":{"start":{"line":7,"column":16},"end":{"line":7,"column":null}},"type":"binary-expr","locations":[{"start":{"line":7,"column":16},"end":{"line":7,"column":48}},{"start":{"line":7,"column":48},"end":{"line":7,"column":null}}],"line":7},"1":{"loc":{"start":{"line":27,"column":4},"end":{"line":27,"column":null}},"type":"if","locations":[{"start":{"line":27,"column":4},"end":{"line":27,"column":null}},{"start":{},"end":{}}],"line":27},"2":{"loc":{"start":{"line":51,"column":8},"end":{"line":98,"column":null}},"type":"if","locations":[{"start":{"line":51,"column":8},"end":{"line":98,"column":null}},{"start":{"line":83,"column":15},"end":{"line":98,"column":null}}],"line":51},"3":{"loc":{"start":{"line":56,"column":10},"end":{"line":61,"column":null}},"type":"if","locations":[{"start":{"line":56,"column":10},"end":{"line":61,"column":null}},{"start":{"line":59,"column":17},"end":{"line":61,"column":null}}],"line":56},"4":{"loc":{"start":{"line":58,"column":25},"end":{"line":58,"column":51}},"type":"binary-expr","locations":[{"start":{"line":58,"column":25},"end":{"line":58,"column":49}},{"start":{"line":58,"column":49},"end":{"line":58,"column":51}}],"line":58},"5":{"loc":{"start":{"line":72,"column":12},"end":{"line":75,"column":null}},"type":"if","locations":[{"start":{"line":72,"column":12},"end":{"line":75,"column":null}},{"start":{},"end":{}}],"line":72},"6":{"loc":{"start":{"line":74,"column":28},"end":{"line":74,"column":52}},"type":"binary-expr","locations":[{"start":{"line":74,"column":28},"end":{"line":74,"column":50}},{"start":{"line":74,"column":50},"end":{"line":74,"column":52}}],"line":74},"7":{"loc":{"start":{"line":76,"column":12},"end":{"line":79,"column":null}},"type":"if","locations":[{"start":{"line":76,"column":12},"end":{"line":79,"column":null}},{"start":{},"end":{}}],"line":76},"8":{"loc":{"start":{"line":78,"column":27},"end":{"line":78,"column":51}},"type":"binary-expr","locations":[{"start":{"line":78,"column":27},"end":{"line":78,"column":49}},{"start":{"line":78,"column":49},"end":{"line":78,"column":51}}],"line":78},"9":{"loc":{"start":{"line":87,"column":10},"end":{"line":97,"column":null}},"type":"if","locations":[{"start":{"line":87,"column":10},"end":{"line":97,"column":null}},{"start":{},"end":{}}],"line":87},"10":{"loc":{"start":{"line":89,"column":31},"end":{"line":89,"column":56}},"type":"binary-expr","locations":[{"start":{"line":89,"column":31},"end":{"line":89,"column":52}},{"start":{"line":89,"column":52},"end":{"line":89,"column":56}}],"line":89},"11":{"loc":{"start":{"line":90,"column":15},"end":{"line":90,"column":31}},"type":"binary-expr","locations":[{"start":{"line":90,"column":15},"end":{"line":90,"column":27}},{"start":{"line":90,"column":27},"end":{"line":90,"column":31}}],"line":90},"12":{"loc":{"start":{"line":93,"column":29},"end":{"line":93,"column":null}},"type":"binary-expr","locations":[{"start":{"line":93,"column":29},"end":{"line":93,"column":45}},{"start":{"line":93,"column":45},"end":{"line":93,"column":62}},{"start":{"line":93,"column":62},"end":{"line":93,"column":null}}],"line":93},"13":{"loc":{"start":{"line":110,"column":21},"end":{"line":110,"column":null}},"type":"binary-expr","locations":[{"start":{"line":110,"column":21},"end":{"line":110,"column":39}},{"start":{"line":110,"column":39},"end":{"line":110,"column":56}},{"start":{"line":110,"column":56},"end":{"line":110,"column":null}}],"line":110},"14":{"loc":{"start":{"line":111,"column":21},"end":{"line":111,"column":null}},"type":"binary-expr","locations":[{"start":{"line":111,"column":21},"end":{"line":111,"column":41}},{"start":{"line":111,"column":41},"end":{"line":111,"column":60}},{"start":{"line":111,"column":60},"end":{"line":111,"column":null}}],"line":111},"15":{"loc":{"start":{"line":115,"column":40},"end":{"line":115,"column":71}},"type":"binary-expr","locations":[{"start":{"line":115,"column":40},"end":{"line":115,"column":55}},{"start":{"line":115,"column":55},"end":{"line":115,"column":69}},{"start":{"line":115,"column":69},"end":{"line":115,"column":71}}],"line":115},"16":{"loc":{"start":{"line":120,"column":22},"end":{"line":120,"column":85}},"type":"cond-expr","locations":[{"start":{"line":120,"column":46},"end":{"line":120,"column":51}},{"start":{"line":120,"column":51},"end":{"line":120,"column":85}}],"line":120},"17":{"loc":{"start":{"line":120,"column":51},"end":{"line":120,"column":85}},"type":"binary-expr","locations":[{"start":{"line":120,"column":51},"end":{"line":120,"column":62}},{"start":{"line":120,"column":62},"end":{"line":120,"column":75}},{"start":{"line":120,"column":75},"end":{"line":120,"column":85}}],"line":120},"18":{"loc":{"start":{"line":127,"column":30},"end":{"line":128,"column":null}},"type":"binary-expr","locations":[{"start":{"line":127,"column":30},"end":{"line":127,"column":null}},{"start":{"line":128,"column":8},"end":{"line":128,"column":null}}],"line":127},"19":{"loc":{"start":{"line":128,"column":36},"end":{"line":128,"column":76}},"type":"binary-expr","locations":[{"start":{"line":128,"column":36},"end":{"line":128,"column":57}},{"start":{"line":128,"column":57},"end":{"line":128,"column":76}}],"line":128},"20":{"loc":{"start":{"line":136,"column":13},"end":{"line":136,"column":null}},"type":"binary-expr","locations":[{"start":{"line":136,"column":13},"end":{"line":136,"column":32}},{"start":{"line":136,"column":32},"end":{"line":136,"column":null}}],"line":136},"21":{"loc":{"start":{"line":141,"column":21},"end":{"line":141,"column":null}},"type":"binary-expr","locations":[{"start":{"line":141,"column":21},"end":{"line":141,"column":42}},{"start":{"line":141,"column":42},"end":{"line":141,"column":65}},{"start":{"line":141,"column":65},"end":{"line":141,"column":null}}],"line":141},"22":{"loc":{"start":{"line":142,"column":4},"end":{"line":142,"column":null}},"type":"if","locations":[{"start":{"line":142,"column":4},"end":{"line":142,"column":null}},{"start":{},"end":{}}],"line":142},"23":{"loc":{"start":{"line":149,"column":6},"end":{"line":149,"column":null}},"type":"cond-expr","locations":[{"start":{"line":149,"column":28},"end":{"line":149,"column":59}},{"start":{"line":149,"column":59},"end":{"line":149,"column":null}}],"line":149},"24":{"loc":{"start":{"line":155,"column":6},"end":{"line":155,"column":null}},"type":"cond-expr","locations":[{"start":{"line":155,"column":28},"end":{"line":155,"column":59}},{"start":{"line":155,"column":59},"end":{"line":155,"column":null}}],"line":155},"25":{"loc":{"start":{"line":168,"column":9},"end":{"line":221,"column":null}},"type":"binary-expr","locations":[{"start":{"line":168,"column":9},"end":{"line":168,"column":28}},{"start":{"line":168,"column":28},"end":{"line":168,"column":43}},{"start":{"line":168,"column":43},"end":{"line":168,"column":68}},{"start":{"line":168,"column":68},"end":{"line":168,"column":null}},{"start":{"line":169,"column":10},"end":{"line":221,"column":null}}],"line":168},"26":{"loc":{"start":{"line":172,"column":15},"end":{"line":188,"column":null}},"type":"binary-expr","locations":[{"start":{"line":172,"column":15},"end":{"line":172,"column":null}},{"start":{"line":173,"column":16},"end":{"line":188,"column":null}}],"line":172},"27":{"loc":{"start":{"line":181,"column":26},"end":{"line":181,"column":null}},"type":"cond-expr","locations":[{"start":{"line":181,"column":66},"end":{"line":181,"column":107}},{"start":{"line":181,"column":107},"end":{"line":181,"column":null}}],"line":181},"28":{"loc":{"start":{"line":178,"column":29},"end":{"line":178,"column":null}},"type":"binary-expr","locations":[{"start":{"line":178,"column":29},"end":{"line":178,"column":42}},{"start":{"line":178,"column":42},"end":{"line":178,"column":52}},{"start":{"line":178,"column":52},"end":{"line":178,"column":null}}],"line":178},"29":{"loc":{"start":{"line":191,"column":15},"end":{"line":209,"column":null}},"type":"binary-expr","locations":[{"start":{"line":191,"column":15},"end":{"line":191,"column":null}},{"start":{"line":192,"column":16},"end":{"line":209,"column":null}}],"line":191},"30":{"loc":{"start":{"line":193,"column":73},"end":{"line":193,"column":108}},"type":"cond-expr","locations":[{"start":{"line":193,"column":97},"end":{"line":193,"column":106}},{"start":{"line":193,"column":106},"end":{"line":193,"column":108}}],"line":193},"31":{"loc":{"start":{"line":202,"column":26},"end":{"line":202,"column":null}},"type":"cond-expr","locations":[{"start":{"line":202,"column":65},"end":{"line":202,"column":122}},{"start":{"line":202,"column":122},"end":{"line":202,"column":null}}],"line":202},"32":{"loc":{"start":{"line":205,"column":25},"end":{"line":205,"column":75}},"type":"cond-expr","locations":[{"start":{"line":205,"column":64},"end":{"line":205,"column":71}},{"start":{"line":205,"column":71},"end":{"line":205,"column":75}}],"line":205},"33":{"loc":{"start":{"line":199,"column":29},"end":{"line":199,"column":null}},"type":"binary-expr","locations":[{"start":{"line":199,"column":29},"end":{"line":199,"column":42}},{"start":{"line":199,"column":42},"end":{"line":199,"column":52}},{"start":{"line":199,"column":52},"end":{"line":199,"column":null}}],"line":199},"34":{"loc":{"start":{"line":209,"column":16},"end":{"line":218,"column":null}},"type":"binary-expr","locations":[{"start":{"line":212,"column":16},"end":{"line":212,"column":49}},{"start":{"line":212,"column":49},"end":{"line":212,"column":null}},{"start":{"line":213,"column":16},"end":{"line":218,"column":null}}],"line":209},"35":{"loc":{"start":{"line":225,"column":11},"end":{"line":282,"column":null}},"type":"cond-expr","locations":[{"start":{"line":226,"column":12},"end":{"line":226,"column":null}},{"start":{"line":227,"column":14},"end":{"line":282,"column":null}}],"line":225},"36":{"loc":{"start":{"line":227,"column":14},"end":{"line":282,"column":null}},"type":"cond-expr","locations":[{"start":{"line":228,"column":12},"end":{"line":230,"column":null}},{"start":{"line":232,"column":12},"end":{"line":282,"column":null}}],"line":227},"37":{"loc":{"start":{"line":251,"column":32},"end":{"line":251,"column":75}},"type":"binary-expr","locations":[{"start":{"line":251,"column":32},"end":{"line":251,"column":52}},{"start":{"line":251,"column":52},"end":{"line":251,"column":71}},{"start":{"line":251,"column":71},"end":{"line":251,"column":75}}],"line":251},"38":{"loc":{"start":{"line":251,"column":91},"end":{"line":251,"column":102}},"type":"binary-expr","locations":[{"start":{"line":251,"column":91},"end":{"line":251,"column":101}},{"start":{"line":251,"column":101},"end":{"line":251,"column":102}}],"line":251},"39":{"loc":{"start":{"line":256,"column":30},"end":{"line":266,"column":null}},"type":"if","locations":[{"start":{"line":256,"column":30},"end":{"line":266,"column":null}},{"start":{},"end":{}}],"line":256},"40":{"loc":{"start":{"line":273,"column":31},"end":{"line":273,"column":83}},"type":"cond-expr","locations":[{"start":{"line":273,"column":36},"end":{"line":273,"column":76}},{"start":{"line":273,"column":76},"end":{"line":273,"column":83}}],"line":273},"41":{"loc":{"start":{"line":238,"column":32},"end":{"line":238,"column":68}},"type":"binary-expr","locations":[{"start":{"line":238,"column":32},"end":{"line":238,"column":46}},{"start":{"line":238,"column":46},"end":{"line":238,"column":57}},{"start":{"line":238,"column":57},"end":{"line":238,"column":68}}],"line":238}},"s":{"0":1,"1":4,"2":4,"3":4,"4":4,"5":4,"6":4,"7":4,"8":4,"9":4,"10":4,"11":4,"12":4,"13":4,"14":4,"15":0,"16":0,"17":0,"18":0,"19":0,"20":0,"21":0,"22":0,"23":0,"24":4,"25":4,"26":4,"27":2,"28":2,"29":2,"30":2,"31":2,"32":0,"33":0,"34":0,"35":0,"36":0,"37":0,"38":0,"39":0,"40":0,"41":0,"42":0,"43":0,"44":0,"45":0,"46":2,"47":2,"48":2,"49":2,"50":1,"51":2,"52":2,"53":0,"54":2,"55":2,"56":4,"57":4,"58":4,"59":4,"60":8,"61":4,"62":0,"63":4,"64":4,"65":2,"66":2,"67":2,"68":0,"69":0,"70":2,"71":4,"72":2,"73":2,"74":1,"75":2,"76":2,"77":4,"78":0,"79":0,"80":0,"81":4,"82":0,"83":0,"84":0,"85":4,"86":0,"87":0,"88":0,"89":0,"90":0,"91":0,"92":1,"93":2,"94":0,"95":4,"96":2,"97":2,"98":0,"99":0,"100":2},"f":{"0":4,"1":4,"2":0,"3":0,"4":0,"5":4,"6":2,"7":2,"8":1,"9":2,"10":4,"11":8,"12":0,"13":4,"14":2,"15":0,"16":0,"17":2,"18":0,"19":0,"20":0,"21":0,"22":0,"23":0,"24":0,"25":0,"26":0,"27":0,"28":0,"29":1,"30":2,"31":0,"32":4,"33":2,"34":0},"b":{"0":[1,0],"1":[4,0],"2":[0,2],"3":[0,0],"4":[0,0],"5":[0,0],"6":[0,0],"7":[0,0],"8":[0,0],"9":[2,0],"10":[2,0],"11":[1,0],"12":[2,2,0],"13":[4,4,4],"14":[4,0,0],"15":[8,8,8],"16":[0,0],"17":[0,0,0],"18":[2,0],"19":[0,0],"20":[2,2],"21":[2,0,0],"22":[1,1],"23":[0,0],"24":[0,0],"25":[4,0,0,0,0],"26":[0,0],"27":[0,0],"28":[0,0,0],"29":[0,0],"30":[0,0],"31":[0,0],"32":[0,0],"33":[0,0,0],"34":[0,0,0],"35":[2,2],"36":[1,1],"37":[2,0,0],"38":[4,4],"39":[0,2],"40":[2,0],"41":[2,0,0]},"meta":{"lastBranch":42,"lastFunction":35,"lastStatement":101,"seen":{"s:7:16:7:Infinity":0,"b:7:16:7:48:7:48:7:Infinity":0,"f:9:24:9:31":0,"s:10:12:10:Infinity":1,"s:11:37:11:Infinity":2,"s:13:32:13:Infinity":3,"s:14:34:14:Infinity":4,"s:15:32:15:Infinity":5,"s:17:50:17:Infinity":6,"s:18:48:18:Infinity":7,"s:20:32:20:Infinity":8,"s:21:24:21:Infinity":9,"s:23:42:23:Infinity":10,"s:24:33:24:Infinity":11,"s:26:2:39:Infinity":12,"f:26:12:26:18":1,"b:27:4:27:Infinity:undefined:undefined:undefined:undefined":1,"s:27:4:27:Infinity":13,"s:27:22:27:Infinity":14,"s:28:29:31:Infinity":15,"f:28:29:28:35":2,"s:29:8:29:Infinity":16,"s:30:8:30:Infinity":17,"f:30:26:30:34":3,"s:30:34:30:42":18,"s:32:26:32:Infinity":19,"s:33:32:33:Infinity":20,"s:35:4:38:Infinity":21,"f:35:11:35:17":4,"s:36:6:36:Infinity":22,"s:37:6:37:Infinity":23,"s:41:2:43:Infinity":24,"f:41:12:41:18":5,"s:42:4:42:Infinity":25,"s:45:2:107:Infinity":26,"f:45:12:45:18":6,"s:46:22:104:Infinity":27,"f:46:22:46:34":7,"s:47:6:47:Infinity":28,"s:48:6:48:Infinity":29,"s:50:6:103:Infinity":30,"b:51:8:98:Infinity:83:15:98:Infinity":2,"s:51:8:98:Infinity":31,"s:52:26:54:Infinity":32,"b:56:10:61:Infinity:59:17:61:Infinity":3,"s:56:10:61:Infinity":33,"s:57:29:57:Infinity":34,"s:58:12:58:Infinity":35,"b:58:25:58:49:58:49:58:51":4,"s:60:12:60:Infinity":36,"s:62:10:82:Infinity":37,"s:63:37:70:Infinity":38,"b:72:12:75:Infinity:undefined:undefined:undefined:undefined":5,"s:72:12:75:Infinity":39,"s:73:30:73:Infinity":40,"s:74:14:74:Infinity":41,"b:74:28:74:50:74:50:74:52":6,"b:76:12:79:Infinity:undefined:undefined:undefined:undefined":7,"s:76:12:79:Infinity":42,"s:77:30:77:Infinity":43,"s:78:14:78:Infinity":44,"b:78:27:78:49:78:49:78:51":8,"s:81:12:81:Infinity":45,"s:84:27:86:Infinity":46,"b:87:10:97:Infinity:undefined:undefined:undefined:undefined":9,"s:87:10:97:Infinity":47,"s:88:27:88:Infinity":48,"s:89:18:95:Infinity":49,"b:89:31:89:52:89:52:89:56":10,"f:89:64:89:65":8,"s:89:65:94:Infinity":50,"b:90:15:90:27:90:27:90:31":11,"f:90:35:90:36":9,"s:90:48:94:16":51,"b:93:29:93:45:93:45:93:62:93:62:93:Infinity":12,"s:96:12:96:Infinity":52,"s:100:8:100:Infinity":53,"s:102:8:102:Infinity":54,"s:106:4:106:Infinity":55,"s:109:27:123:Infinity":56,"f:109:27:109:28":10,"s:110:21:110:Infinity":57,"b:110:21:110:39:110:39:110:56:110:56:110:Infinity":13,"s:111:21:111:Infinity":58,"b:111:21:111:41:111:41:111:60:111:60:111:Infinity":14,"s:113:25:116:Infinity":59,"f:115:28:115:29":11,"s:115:40:115:71":60,"b:115:40:115:55:115:55:115:69:115:69:115:71":15,"s:118:4:122:Infinity":61,"f:120:17:120:22":12,"s:120:22:120:85":62,"b:120:46:120:51:120:51:120:85":16,"b:120:51:120:62:120:62:120:75:120:75:120:85":17,"s:125:8:138:Infinity":63,"f:125:31:125:37":13,"s:126:4:137:Infinity":64,"f:126:28:126:36":14,"s:127:30:128:Infinity":65,"b:127:30:127:Infinity:128:8:128:Infinity":18,"b:128:36:128:57:128:57:128:76":19,"s:130:31:130:Infinity":66,"s:132:34:134:Infinity":67,"f:132:57:132:Infinity":15,"s:133:8:133:Infinity":68,"f:133:30:133:37":16,"s:133:37:133:81":69,"s:136:6:136:Infinity":70,"b:136:13:136:32:136:32:136:Infinity":20,"s:140:22:145:Infinity":71,"f:140:42:140:43":17,"s:141:21:141:Infinity":72,"b:141:21:141:42:141:42:141:65:141:65:141:Infinity":21,"b:142:4:142:Infinity:undefined:undefined:undefined:undefined":22,"s:142:4:142:Infinity":73,"s:142:24:142:Infinity":74,"s:143:4:143:Infinity":75,"s:144:4:144:Infinity":76,"s:147:25:151:Infinity":77,"f:147:25:147:26":18,"s:148:4:150:Infinity":78,"f:148:26:148:Infinity":19,"s:149:6:149:Infinity":79,"b:149:28:149:59:149:59:149:Infinity":23,"f:149:40:149:45":20,"s:149:45:149:55":80,"s:153:25:157:Infinity":81,"f:153:25:153:26":21,"s:154:4:156:Infinity":82,"f:154:25:154:Infinity":22,"s:155:6:155:Infinity":83,"b:155:28:155:59:155:59:155:Infinity":24,"f:155:40:155:45":23,"s:155:45:155:55":84,"s:159:2:286:Infinity":85,"b:168:9:168:28:168:28:168:43:168:43:168:68:168:68:168:Infinity:169:10:221:Infinity":25,"b:172:15:172:Infinity:173:16:188:Infinity":26,"f:176:36:176:Infinity":24,"s:177:22:185:Infinity":86,"f:179:33:179:39":25,"s:179:39:179:Infinity":87,"b:181:66:181:107:181:107:181:Infinity":27,"b:178:29:178:42:178:42:178:52:178:52:178:Infinity":28,"b:191:15:191:Infinity:192:16:209:Infinity":29,"b:193:97:193:106:193:106:193:108":30,"f:197:35:197:Infinity":26,"s:198:22:206:Infinity":88,"f:200:33:200:39":27,"s:200:39:200:Infinity":89,"b:202:65:202:122:202:122:202:Infinity":31,"b:205:64:205:71:205:71:205:75":32,"b:199:29:199:42:199:42:199:52:199:52:199:Infinity":33,"b:212:16:212:49:212:49:212:Infinity:213:16:218:Infinity":34,"f:214:27:214:33":28,"s:214:34:214:61":90,"s:214:61:214:86":91,"b:226:12:226:Infinity:227:14:282:Infinity":35,"b:228:12:230:Infinity:232:12:282:Infinity":36,"f:233:47:233:48":29,"s:234:16:280:Infinity":92,"f:237:32:237:33":30,"s:238:22:277:Infinity":93,"f:244:37:244:38":31,"s:244:47:244:147":94,"b:251:32:251:52:251:52:251:71:251:71:251:75":37,"f:251:79:251:80":32,"s:251:91:251:102":95,"b:251:91:251:101:251:101:251:102":38,"f:254:30:254:36":33,"s:255:51:255:Infinity":96,"b:256:30:266:Infinity:undefined:undefined:undefined:undefined":39,"s:256:30:266:Infinity":97,"s:257:32:264:Infinity":98,"f:259:54:259:55":34,"s:260:38:262:Infinity":99,"s:267:30:267:Infinity":100,"b:273:36:273:76:273:76:273:83":40,"b:238:32:238:46:238:46:238:57:238:57:238:68":41}}}
,"G:\\Qui\\app\\routes\\my-reservations.tsx": {"path":"G:\\Qui\\app\\routes\\my-reservations.tsx","statementMap":{"0":{"start":{"line":9,"column":12},"end":{"line":9,"column":null}},"1":{"start":{"line":10,"column":37},"end":{"line":10,"column":null}},"2":{"start":{"line":12,"column":32},"end":{"line":12,"column":null}},"3":{"start":{"line":13,"column":24},"end":{"line":13,"column":null}},"4":{"start":{"line":14,"column":38},"end":{"line":14,"column":null}},"5":{"start":{"line":15,"column":34},"end":{"line":15,"column":null}},"6":{"start":{"line":17,"column":40},"end":{"line":17,"column":null}},"7":{"start":{"line":19,"column":2},"end":{"line":21,"column":null}},"8":{"start":{"line":20,"column":4},"end":{"line":20,"column":null}},"9":{"start":{"line":23,"column":30},"end":{"line":52,"column":null}},"10":{"start":{"line":24,"column":4},"end":{"line":24,"column":null}},"11":{"start":{"line":25,"column":4},"end":{"line":25,"column":null}},"12":{"start":{"line":27,"column":4},"end":{"line":51,"column":null}},"13":{"start":{"line":28,"column":21},"end":{"line":31,"column":null}},"14":{"start":{"line":33,"column":23},"end":{"line":39,"column":null}},"15":{"start":{"line":41,"column":6},"end":{"line":46,"column":null}},"16":{"start":{"line":42,"column":23},"end":{"line":42,"column":null}},"17":{"start":{"line":43,"column":8},"end":{"line":43,"column":null}},"18":{"start":{"line":45,"column":8},"end":{"line":45,"column":null}},"19":{"start":{"line":48,"column":6},"end":{"line":48,"column":null}},"20":{"start":{"line":50,"column":6},"end":{"line":50,"column":null}},"21":{"start":{"line":53,"column":2},"end":{"line":55,"column":null}},"22":{"start":{"line":54,"column":4},"end":{"line":54,"column":null}},"23":{"start":{"line":57,"column":28},"end":{"line":82,"column":null}},"24":{"start":{"line":58,"column":4},"end":{"line":58,"column":null}},"25":{"start":{"line":59,"column":4},"end":{"line":59,"column":null}},"26":{"start":{"line":61,"column":4},"end":{"line":81,"column":null}},"27":{"start":{"line":62,"column":23},"end":{"line":68,"column":null}},"28":{"start":{"line":70,"column":19},"end":{"line":70,"column":null}},"29":{"start":{"line":70,"column":53},"end":{"line":70,"column":57}},"30":{"start":{"line":72,"column":6},"end":{"line":78,"column":null}},"31":{"start":{"line":73,"column":10},"end":{"line":73,"column":null}},"32":{"start":{"line":74,"column":10},"end":{"line":74,"column":null}},"33":{"start":{"line":76,"column":27},"end":{"line":76,"column":null}},"34":{"start":{"line":77,"column":10},"end":{"line":77,"column":null}},"35":{"start":{"line":80,"column":6},"end":{"line":80,"column":null}},"36":{"start":{"line":84,"column":25},"end":{"line":92,"column":null}},"37":{"start":{"line":85,"column":4},"end":{"line":91,"column":null}},"38":{"start":{"line":94,"column":21},"end":{"line":99,"column":null}},"39":{"start":{"line":95,"column":4},"end":{"line":98,"column":null}},"40":{"start":{"line":101,"column":2},"end":{"line":214,"column":null}},"41":{"start":{"line":152,"column":14},"end":{"line":202,"column":null}},"42":{"start":{"line":193,"column":33},"end":{"line":193,"column":null}},"43":{"start":{"line":197,"column":33},"end":{"line":197,"column":null}},"44":{"start":{"line":210,"column":25},"end":{"line":210,"column":null}}},"fnMap":{"0":{"name":"Menu","decl":{"start":{"line":8,"column":24},"end":{"line":8,"column":31}},"loc":{"start":{"line":8,"column":31},"end":{"line":216,"column":null}},"line":8},"1":{"name":"(anonymous_1)","decl":{"start":{"line":19,"column":12},"end":{"line":19,"column":18}},"loc":{"start":{"line":19,"column":18},"end":{"line":21,"column":5}},"line":19},"2":{"name":"(anonymous_2)","decl":{"start":{"line":23,"column":30},"end":{"line":23,"column":42}},"loc":{"start":{"line":23,"column":42},"end":{"line":52,"column":null}},"line":
[...]
lumn":34},"end":{"line":209,"column":null}},"line":184},"21":{"name":"(anonymous_21)","decl":{"start":{"line":270,"column":34},"end":{"line":270,"column":35}},"loc":{"start":{"line":270,"column":41},"end":{"line":270,"column":null}},"line":270},"22":{"name":"(anonymous_22)","decl":{"start":{"line":283,"column":36},"end":{"line":283,"column":37}},"loc":{"start":{"line":283,"column":43},"end":{"line":283,"column":null}},"line":283},"23":{"name":"(anonymous_23)","decl":{"start":{"line":287,"column":41},"end":{"line":287,"column":null}},"loc":{"start":{"line":288,"column":28},"end":{"line":288,"column":null}},"line":288},"24":{"name":"(anonymous_24)","decl":{"start":{"line":300,"column":36},"end":{"line":300,"column":37}},"loc":{"start":{"line":300,"column":43},"end":{"line":300,"column":null}},"line":300},"25":{"name":"(anonymous_25)","decl":{"start":{"line":305,"column":36},"end":{"line":305,"column":44}},"loc":{"start":{"line":305,"column":44},"end":{"line":305,"column":74}},"line":305},"26":{"name":"(anonymous_26)","decl":{"start":{"line":306,"column":33},"end":{"line":306,"column":null}},"loc":{"start":{"line":307,"column":30},"end":{"line":307,"column":null}},"line":307},"27":{"name":"(anonymous_27)","decl":{"start":{"line":334,"column":42},"end":{"line":334,"column":43}},"loc":{"start":{"line":334,"column":49},"end":{"line":334,"column":null}},"line":334},"28":{"name":"(anonymous_28)","decl":{"start":{"line":338,"column":44},"end":{"line":338,"column":null}},"loc":{"start":{"line":339,"column":34},"end":{"line":341,"column":null}},"line":339},"29":{"name":"(anonymous_29)","decl":{"start":{"line":356,"column":40},"end":{"line":356,"column":null}},"loc":{"start":{"line":357,"column":28},"end":{"line":370,"column":null}},"line":357},"30":{"name":"(anonymous_30)","decl":{"start":{"line":365,"column":41},"end":{"line":365,"column":47}},"loc":{"start":{"line":365,"column":47},"end":{"line":365,"column":null}},"line":365},"31":{"name":"(anonymous_31)","decl":{"start":{"line":380,"column":36},"end":{"line":380,"column":null}},"loc":{"start":{"line":381,"column":28},"end":{"line":398,"column":null}},"line":381},"32":{"name":"(anonymous_32)","decl":{"start":{"line":385,"column":65},"end":{"line":385,"column":71}},"loc":{"start":{"line":385,"column":71},"end":{"line":385,"column":107}},"line":385},"33":{"name":"(anonymous_33)","decl":{"start":{"line":387,"column":65},"end":{"line":387,"column":71}},"loc":{"start":{"line":387,"column":71},"end":{"line":387,"column":106}},"line":387},"34":{"name":"(anonymous_34)","decl":{"start":{"line":395,"column":42},"end":{"line":395,"column":43}},"loc":{"start":{"line":395,"column":49},"end":{"line":395,"column":null}},"line":395}},"branchMap":{"0":{"loc":{"start":{"line":39,"column":8},"end":{"line":49,"column":null}},"type":"if","locations":[{"start":{"line":39,"column":8},"end":{"line":49,"column":null}},{"start":{},"end":{}}],"line":39},"1":{"loc":{"start":{"line":39,"column":12},"end":{"line":39,"column":53}},"type":"binary-expr","locations":[{"start":{"line":39,"column":12},"end":{"line":39,"column":31}},{"start":{"line":39,"column":31},"end":{"line":39,"column":44}},{"start":{"line":39,"column":44},"end":{"line":39,"column":53}}],"line":39},"2":{"loc":{"start":{"line":43,"column":12},"end":{"line":48,"column":null}},"type":"if","locations":[{"start":{"line":43,"column":12},"end":{"line":48,"column":null}},{"start":{"line":45,"column":19},"end":{"line":48,"column":null}}],"line":43},"3":{"loc":{"start":{"line":43,"column":16},"end":{"line":43,"column":81}},"type":"binary-expr","locations":[{"start":{"line":43,"column":16},"end":{"line":43,"column":43}},{"start":{"line":43,"column":43},"end":{"line":43,"column":68}},{"start":{"line":43,"column":68},"end":{"line":43,"column":81}}],"line":43},"4":{"loc":{"start":{"line":70,"column":12},"end":{"line":76,"column":null}},"type":"if","locations":[{"start":{"line":70,"column":12},"end":{"line":76,"column":null}},{"start":{"line":74,"column":19},"end":{"line":76,"column":null}}],"line":70},"5":{"loc":{"start":{"line":70,"column":16},"end":{"line":70,"column":46}},"type":"binary-expr","locations":[{"start":{"line":70,"column":16},"end":{"line":70,"column":31}},{"start":{"line":70,"column":31},"end":{"line":70,"column":46}}],"line":70},"6":{"loc":{"start":{"line":71,"column":36},"end":{"line":71,"column":null}},"type":"binary-expr","locations":[{"start":{"line":71,"column":36},"end":{"line":71,"column":57}},{"start":{"line":71,"column":57},"end":{"line":71,"column":78}},{"start":{"line":71,"column":78},"end":{"line":71,"column":null}}],"line":71},"7":{"loc":{"start":{"line":71,"column":78},"end":{"line":71,"column":null}},"type":"cond-expr","locations":[{"start":{"line":71,"column":105},"end":{"line":71,"column":117}},{"start":{"line":71,"column":117},"end":{"line":71,"column":null}}],"line":71},"8":{"loc":{"start":{"line":100,"column":6},"end":{"line":104,"column":null}},"type":"if","locations":[{"start":{"line":100,"column":6},"end":{"line":104,"column":null}},{"start":{},"end":{}}],"line":100},"9":{"loc":{"start":{"line":102,"column":10},"end":{"line":102,"column":null}},"type":"cond-expr","locations":[{"start":{"line":102,"column":42},"end":{"line":102,"column":85}},{"start":{"line":102,"column":85},"end":{"line":102,"column":null}}],"line":102},"10":{"loc":{"start":{"line":112,"column":8},"end":{"line":114,"column":null}},"type":"if","locations":[{"start":{"line":112,"column":8},"end":{"line":114,"column":null}},{"start":{},"end":{}}],"line":112},"11":{"loc":{"start":{"line":121,"column":37},"end":{"line":121,"column":88}},"type":"cond-expr","locations":[{"start":{"line":121,"column":64},"end":{"line":121,"column":84}},{"start":{"line":121,"column":84},"end":{"line":121,"column":88}}],"line":121},"12":{"loc":{"start":{"line":129,"column":8},"end":{"line":132,"column":null}},"type":"if","locations":[{"start":{"line":129,"column":8},"end":{"line":132,"column":null}},{"start":{},"end":{}}],"line":129},"13":{"loc":{"start":{"line":162,"column":12},"end":{"line":165,"column":null}},"type":"if","locations":[{"start":{"line":162,"column":12},"end":{"line":165,"column":null}},{"start":{},"end":{}}],"line":162},"14":{"loc":{"start":{"line":162,"column":16},"end":{"line":162,"column":57}},"type":"binary-expr","locations":[{"start":{"line":162,"column":16},"end":{"line":162,"column":32}},{"start":{"line":162,"column":32},"end":{"line":162,"column":57}}],"line":162},"15":{"loc":{"start":{"line":163,"column":16},"end":{"line":163,"column":97}},"type":"binary-expr","locations":[{"start":{"line":163,"column":26},"end":{"line":163,"column":35}},{"start":{"line":163,"column":35},"end":{"line":163,"column":51}},{"start":{"line":163,"column":51},"end":{"line":163,"column":67}},{"start":{"line":163,"column":67},"end":{"line":163,"column":97}}],"line":163},"16":{"loc":{"start":{"line":167,"column":26},"end":{"line":167,"column":75}},"type":"binary-expr","locations":[{"start":{"line":167,"column":26},"end":{"line":167,"column":43}},{"start":{"line":167,"column":43},"end":{"line":167,"column":75}}],"line":167},"17":{"loc":{"start":{"line":197,"column":8},"end":{"line":203,"column":null}},"type":"if","locations":[{"start":{"line":197,"column":8},"end":{"line":203,"column":null}},{"start":{"line":201,"column":15},"end":{"line":203,"column":null}}],"line":197},"18":{"loc":{"start":{"line":199,"column":24},"end":{"line":199,"column":null}},"type":"binary-expr","locations":[{"start":{"line":199,"column":24},"end":{"line":199,"column":46}},{"start":{"line":199,"column":46},"end":{"line":199,"column":null}}],"line":199},"19":{"loc":{"start":{"line":233,"column":17},"end":{"line":417,"column":null}},"type":"cond-expr","locations":[{"start":{"line":234,"column":20},"end":{"line":243,"column":null}},{"start":{"line":245,"column":18},"end":{"line":417,"column":null}}],"line":233},"20":{"loc":{"start":{"line":249,"column":21},"end":{"line":252,"column":null}},"type":"binary-expr","locations":[{"start":{"line":249,"column":21},"end":{"line":249,"column":null}},{"start":{"line":250,"column":22},"end":{"line":252,"column":null}}],"line":249},"21":{"loc":{"start":{"line":255,"column":21},"end":{"line":258,"column":null}},"type":"binary-expr","locations":[{"start":{"line":255,"column":21},"end":{"line":255,"column":null}},{"start":{"line":256,"column":22},"end":{"line":258,"column":null}}],"line":255},"22":{"loc":{"start":{"line":305,"column":44},"end":{"line":305,"column":74}},"type":"binary-expr","locations":[{"start":{"line":305,"column":44},"end":{"line":305,"column":58}},{"start":{"line":305,"column":58},"end":{"line":305,"column":74}}],"line":305},"23":{"loc":{"start":{"line":318,"column":27},"end":{"line":343,"column":null}},"type":"cond-expr","locations":[{"start":{"line":319,"column":30},"end":{"line":321,"column":null}},{"start":{"line":322,"column":30},"end":{"line":343,"column":null}}],"line":318},"24":{"loc":{"start":{"line":318,"column":27},"end":{"line":318,"column":null}},"type":"binary-expr","locations":[{"start":{"line":318,"column":27},"end":{"line":318,"column":47}},{"start":{"line":318,"column":47},"end":{"line":318,"column":61}},{"start":{"line":318,"column":61},"end":{"line":318,"column":null}}],"line":318},"25":{"loc":{"start":{"line":322,"column":30},"end":{"line":343,"column":null}},"type":"cond-expr","locations":[{"start":{"line":323,"column":30},"end":{"line":325,"column":null}},{"start":{"line":326,"column":30},"end":{"line":343,"column":null}}],"line":322},"26":{"loc":{"start":{"line":326,"column":30},"end":{"line":343,"column":null}},"type":"cond-expr","locations":[{"start":{"line":327,"column":30},"end":{"line":329,"column":null}},{"start":{"line":331,"column":30},"end":{"line":343,"column":null}}],"line":326},"27":{"loc":{"start":{"line":339,"column":99},"end":{"line":339,"column":null}},"type":"binary-expr","locations":[{"start":{"line":339,"column":99},"end":{"line":339,"column":114}},{"start":{"line":339,"column":114},"end":{"line":339,"column":134}},{"start":{"line":339,"column":134},"end":{"line":339,"column":null}}],"line":339},"28":{"loc":{"start":{"line":340,"column":39},"end":{"line":340,"column":62}},"type":"binary-expr","locations":[{"start":{"line":340,"column":39},"end":{"line":340,"column":53}},{"start":{"line":340,"column":53},"end":{"line":340,"column":62}}],"line":340},"29":{"loc":{"start":{"line":340,"column":90},"end":{"line":340,"column":112}},"type":"binary-expr","locations":[{"start":{"line":340,"column":90},"end":{"line":340,"column":108}},{"start":{"line":340,"column":108},"end":{"line":340,"column":112}}],"line":340},"30":{"loc":{"start":{"line":339,"column":47},"end":{"line":339,"column":92}},"type":"binary-expr","locations":[{"start":{"line":339,"column":47},"end":{"line":339,"column":62}},{"start":{"line":339,"column":62},"end":{"line":339,"column":82}},{"start":{"line":339,"column":82},"end":{"line":339,"column":92}}],"line":339},"31":{"loc":{"start":{"line":353,"column":25},"end":{"line":371,"column":null}},"type":"cond-expr","locations":[{"start":{"line":354,"column":26},"end":{"line":354,"column":null}},{"start":{"line":356,"column":26},"end":{"line":371,"column":null}}],"line":353},"32":{"loc":{"start":{"line":361,"column":70},"end":{"line":361,"column":122}},"type":"cond-expr","locations":[{"start":{"line":361,"column":75},"end":{"line":361,"column":115}},{"start":{"line":361,"column":115},"end":{"line":361,"column":122}}],"line":361},"33":{"loc":{"start":{"line":376,"column":23},"end":{"line":400,"column":null}},"type":"binary-expr","locations":[{"start":{"line":376,"column":23},"end":{"line":376,"column":null}},{"start":{"line":377,"column":24},"end":{"line":400,"column":null}}],"line":376},"34":{"loc":{"start":{"line":406,"column":32},"end":{"line":406,"column":null}},"type":"binary-expr","locations":[{"start":{"line":406,"column":32},"end":{"line":406,"column":45}},{"start":{"line":406,"column":45},"end":{"line":406,"column":null}}],"line":406},"35":{"loc":{"start":{"line":408,"column":24},"end":{"line":408,"column":null}},"type":"cond-expr","locations":[{"start":{"line":408,"column":51},"end":{"line":408,"column":85}},{"start":{"line":408,"column":85},"end":{"line":408,"column":null}}],"line":408},"36":{"loc":{"start":{"line":408,"column":24},"end":{"line":408,"column":51}},"type":"binary-expr","locations":[{"start":{"line":408,"column":24},"end":{"line":408,"column":37}},{"start":{"line":408,"column":37},"end":{"line":408,"column":51}}],"line":408},"37":{"loc":{"start":{"line":411,"column":23},"end":{"line":414,"column":null}},"type":"cond-expr","locations":[{"start":{"line":412,"column":24},"end":{"line":412,"column":null}},{"start":{"line":414,"column":24},"end":{"line":414,"column":null}}],"line":411}},"s":{"0":6,"1":6,"2":6,"3":6,"4":6,"5":6,"6":6,"7":6,"8":6,"9":6,"10":6,"11":6,"12":6,"13":6,"14":6,"15":6,"16":2,"17":0,"18":0,"19":0,"20":0,"21":0,"22":0,"23":6,"24":0,"25":0,"26":0,"27":0,"28":0,"29":0,"30":0,"31":0,"32":0,"33":0,"34":0,"35":0,"36":0,"37":0,"38":6,"39":6,"40":6,"41":6,"42":90,"43":90,"44":360,"45":6,"46":6,"47":6,"48":0,"49":0,"50":0,"51":0,"52":0,"53":0,"54":0,"55":6,"56":0,"57":0,"58":0,"59":0,"60":0,"61":0,"62":6,"63":0,"64":0,"65":0,"66":6,"67":0,"68":0,"69":0,"70":0,"71":0,"72":0,"73":0,"74":0,"75":0,"76":0,"77":0,"78":0,"79":0,"80":0,"81":0,"82":0,"83":0,"84":0,"85":0,"86":0,"87":0,"88":0,"89":0,"90":0,"91":0,"92":0,"93":6,"94":2,"95":2,"96":2,"97":2,"98":2,"99":2,"100":2,"101":2,"102":2,"103":0,"104":0,"105":2,"106":2,"107":6,"108":0,"109":0,"110":180,"111":0,"112":180,"113":180,"114":0,"115":0,"116":0,"117":0,"118":0,"119":0,"120":0,"121":0},"f":{"0":6,"1":6,"2":2,"3":0,"4":0,"5":6,"6":0,"7":0,"8":0,"9":0,"10":0,"11":0,"12":0,"13":0,"14":0,"15":0,"16":0,"17":0,"18":0,"19":2,"20":2,"21":0,"22":0,"23":180,"24":0,"25":180,"26":180,"27":0,"28":0,"29":0,"30":0,"31":0,"32":0,"33":0,"34":0},"b":{"0":[0,2],"1":[2,0,0],"2":[0,0],"3":[0,0,0],"4":[0,0],"5":[0,0],"6":[0,0,0],"7":[0,0],"8":[0,0],"9":[0,0],"10":[0,0],"11":[0,0],"12":[0,0],"13":[0,0],"14":[0,0],"15":[0,0,0,0],"16":[0,0],"17":[2,0],"18":[2,0],"19":[3,3],"20":[3,0],"21":[3,0],"22":[180,0],"23":[3,0],"24":[3,0,0],"25":[0,0],"26":[0,0],"27":[0,0,0],"28":[0,0],"29":[0,0],"30":[0,0,0],"31":[3,0],"32":[0,0],"33":[3,0],"34":[3,2],"35":[3,0],"36":[3,2],"37":[1,2]},"meta":{"lastBranch":38,"lastFunction":35,"lastStatement":122,"seen":{"f:6:24:6:38":0,"s:7:39:7:Infinity":0,"s:8:20:8:Infinity":1,"s:10:46:10:Infinity":2,"s:11:34:11:Infinity":3,"s:12:30:12:Infinity":4,"s:13:36:13:Infinity":5,"s:15:28:15:Infinity":6,"s:16:48:16:Infinity":7,"s:18:26:18:Infinity":8,"s:19:36:19:Infinity":9,"s:20:34:20:Infinity":10,"s:22:34:22:Infinity":11,"s:32:22:32:Infinity":12,"s:34:4:36:Infinity":13,"f:34:14:34:20":1,"s:35:8:35:Infinity":14,"s:38:4:50:Infinity":15,"f:38:14:38:20":2,"b:39:8:49:Infinity:undefined:undefined:undefined:undefined":0,"s:39:8:49:Infinity":16,"b:39:12:39:31:39:31:39:44:39:44:39:53":1,"s:40:26:40:Infinity":17,"s:41:24:41:Infinity":18,"b:43:12:48:Infinity:45:19:48:Infinity":2,"s:43:12:48:Infinity":19,"b:43:16:43:43:43:43:43:68:43:68:43:81":3,"s:44:16:44:Infinity":20,"s:46:16:46:Infinity":21,"s:47:16:47:Infinity":22,"s:52:33:83:Infinity":23,"f:52:33:52:40":3,"s:53:8:53:Infinity":24,"s:54:8:82:Infinity":25,"s:55:32:58:Infinity":26,"s:60:29:66:Infinity":27,"s:68:17:68:Infinity":28,"f:68:45:68:51":4,"s:68:51:68:55":29,"b:70:12:76:Infinity:74:19:76:Infinity":4,"s:70:12:76:Infinity":30,"b:70:16:70:31:70:31:70:46":5,"s:71:36:71:Infinity":31,"b:71:36:71:57:71:57:71:78:71:78:71:Infinity":6,"b:71:105:71:117:71:117:71:Infinity":7,"s:72:16:72:Infinity":32,"s:73:16:73:Infinity":33,"s:75:16:75:Infinity":34,"s:78:12:78:Infinity":35,"s:79:12:79:Infinity":36,"s:81:12:81:Infinity":37,"s:85:30:93:Infinity":38,"f:85:30:85:36":5,"s:86:18:86:Infinity":39,"s:87:4:91:Infinity":40,"s:87:17:87:20":41,"s:88:8:90:Infinity":42,"s:88:21:88:24":43,"s:89:12:89:Infinity":44,"s:92:4:92:Infinity":45,"s:94:18:94:Infinity":46,"s:97:22:107:Infinity":47,"f:97:22:97:23":6,"s:98:4:106:Infinity":48,"f:98:12:98:20":7,"s:99:23:99:Infinity":49,"f:99:33:99:41":8,"s:99:41:99:70":50,"b:100:6:104:Infinity:undefined:undefined:undefined:undefined":8,"s:100:6:104:Infinity":51,"s:101:8:103:Infinity":52,"f:101:24:101:Infinity":9,"s:102:10:102:Infinity":53,"b:102:42:102:85:102:85:102:Infinity":9,"s:105:6:105:Infinity":54,"s:109:25:118:Infinity":55,"f:109:25:109:26":10,"s:110:4:117:Infinity":56,"f:110:12:110:20":11,"s:111:6:116:Infinity":57,"f:111:22:111:30":12,"b:112:8:114:Infinity:undefined:undefined:undefined:undefined":10,"s:112:8:114:Infinity":58,"s:113:10:113:Infinity":59,"s:115:8:115:Infinity":60,"f:116:16:116:24":13,"s:116:24:116:41":61,"s:120:21:122:Infinity":62,"f:120:21:120:22":14,"s:121:4:121:Infinity":63,"f:121:12:121:20":15,"s:121:20:121:89":64,"f:121:29:121:37":16,"s:121:37:121:88":65,"b:121:64:121:84:121:84:121:88":11,"s:124:30:181:Infinity":66,"f:124:30:124:37":17,"s:125:8:125:Infinity":67,"s:126:8:126:Infinity":68,"s:127:8:127:Infinity":69,"b:129:8:132:Infinity:undefined:undefined:undefined:undefined":12,"s:129:8:132:Infinity":70,"s:130:12:130:Infinity":71,"s:131:12:131:Infinity":72,"s:134:8:134:Infinity":73,"s:136:8:180:Infinity":74,"s:137:29:153:Infinity":75,"f:147:37:147:46":18,"s:147:46:151:14":76,"s:155:28:155:Infinity":77,"s:156:12:160:Infinity":78,"s:157:16:157:Infinity":79,"s:159:16:159:Infinity":80,"b:162:12:165:Infinity:undefined:undefined:undefined:undefined":13,"s:162:12:165:Infinity":81,"b:162:16:162:32:162:32:162:57":14,"s:163:16:163:Infinity":82,"b:163:26:163:35:163:35:163:51:163:51:163:67:163:67:163:97":15,"s:164:16:164:Infinity":83,"s:167:12:167:Infinity":84,"b:167:26:167:43:167:43:167:75":16,"s:169:12:169:Infinity":85,"s:170:10:170:Infinity":86,"s:171:14:171:Infinity":87,"s:172:14:172:Infinity":88,"s:173:12:173:Infinity":89,"s:176:12:176:Infinity":90,"s:177:12:177:Infinity":91,"s:179:12:179:Infinity":92,"s:183:6:212:Infinity":93,"f:183:16:183:22":19,"s:184:22:209:Infinity":94,"f:184:22:184:34":20,"s:185:6:185:Infinity":95,"s:186:6:186:Infinity":96,"s:188:6:208:Infinity":97,"s:189:25:195:Infinity":98,"b:197:8:203:Infinity:201:15:203:Infinity":17,"s:197:8:203:Infinity":99,"s:198:25:198:Infinity":100,"s:199:24:199:Infinity":101,"b:199:24:199:46:199:46:199:Infinity":18,"s:200:10:200:Infinity":102,"s:202:10:202:Infinity":103,"s:205:8:205:Infinity":104,"s:207:8:207:Infinity":105,"s:211:4:211:Infinity":106,"s:214:4:424:Infinity":107,"b:234:20:243:Infinity:245:18:417:Infinity":19,"b:249:21:249:Infinity:250:22:252:Infinity":20,"b:255:21:255:Infinity:256:22:258:Infinity":21,"f:270:34:270:35":21,"s:270:41:270:Infinity":108,"f:283:36:283:37":22,"s:283:43:283:Infinity":109,"f:287:41:287:Infinity":23,"s:288:28:288:Infinity":110,"f:300:36:300:37":24,"s:300:43:300:Infinity":111,"f:305:36:305:44":25,"s:305:44:305:74":112,"b:305:44:305:58:305:58:305:74":22,"f:306:33:306:Infinity":26,"s:307:30:307:Infinity":113,"b:319:30:321:Infinity:322:30:343:Infinity":23,"b:318:27:318:47:318:47:318:61:318:61:318:Infinity":24,"b:323:30:325:Infinity:326:30:343:Infinity":25,"b:327:30:329:Infinity:331:30:343:Infinity":26,"f:334:42:334:43":27,"s:334:49:334:Infinity":114,"f:338:44:338:Infinity":28,"s:339:34:341:Infinity":115,"b:339:99:339:114:339:114:339:134:339:134:339:Infinity":27,"b:340:39:340:53:340:53:340:62":28,"b:340:90:340:108:340:108:340:112":29,"b:339:47:339:62:339:62:339:82:339:82:339:92":30,"b:354:26:354:Infinity:356:26:371:Infinity":31,"f:356:40:356:Infinity":29,"s:357:28:370:Infinity":116,"b:361:75:361:115:361:115:361:122":32,"f:365:41:365:47":30,"s:365:47:365:Infinity":117,"b:376:23:376:Infinity:377:24:400:Infinity":33,"f:380:36:380:Infinity":31,"s:381:28:398:Infinity":118,"f:385:65:385:71":32,"s:385:71:385:107":119,"f:387:65:387:71":33,"s:387:71:387:106":120,"f:395:42:395:43":34,"s:395:49:395:Infinity":121,"b:406:32:406:45:406:45:406:Infinity":34,"b:408:51:408:85:408:85:408:Infinity":35,"b:408:24:408:37:408:37:408:51":36,"b:412:24:412:Infinity:414:24:414:Infinity":37}}}
}
